1635849918933	geckodriver	INFO	Listening on 127.0.0.1:20052
1635849919439	mozrunner::runner	INFO	Running command: "C:\\Program Files\\Mozilla Firefox\\firefox.exe" "--marionette" "-no-remote" "-profile" "C:\\Users\\Admin\\AppData\\Local\\Temp\\rust_mozprofileaX5T3C"
1635849919751	Marionette	INFO	Marionette enabled
console.warn: SearchSettings: "get: No settings file exists, new profile?" (new NotFoundError("Could not open the file at C:\\Users\\Admin\\AppData\\Local\\Temp\\rust_mozprofileaX5T3C\\search.json.mozlz4", (void 0)))
1635849921803	Marionette	INFO	Listening on port 30255
1635849922093	RemoteAgent	WARN	TLS certificate errors will be ignored for this session
1635849926256	Marionette	WARN	TimedPromise timed out after 500 ms: stacktrace:
TimedPromise/<@chrome://remote/content/marionette/sync.js:238:19
TimedPromise@chrome://remote/content/marionette/sync.js:223:10
interaction.flushEventLoop@chrome://remote/content/marionette/interaction.js:431:10
webdriverClickElement@chrome://remote/content/marionette/interaction.js:179:31
JavaScript error: resource:///actors/ContentMetaChild.jsm, line 179: InvalidStateError: JSWindowActorChild.sendAsyncMessage: JSWindowActorChild cannot send at the moment
1635849930747	Marionette	WARN	TimedPromise timed out after 500 ms: stacktrace:
TimedPromise/<@chrome://remote/content/marionette/sync.js:238:19
TimedPromise@chrome://remote/content/marionette/sync.js:223:10
interaction.flushEventLoop@chrome://remote/content/marionette/interaction.js:431:10
webdriverClickElement@chrome://remote/content/marionette/interaction.js:179:31
1635849931540	Marionette	WARN	TimedPromise timed out after 500 ms: stacktrace:
TimedPromise/<@chrome://remote/content/marionette/sync.js:238:19
TimedPromise@chrome://remote/content/marionette/sync.js:223:10
interaction.flushEventLoop@chrome://remote/content/marionette/interaction.js:431:10
webdriverClickElement@chrome://remote/content/marionette/interaction.js:179:31
1635849933041	Marionette	WARN	TimedPromise timed out after 500 ms: stacktrace:
TimedPromise/<@chrome://remote/content/marionette/sync.js:238:19
TimedPromise@chrome://remote/content/marionette/sync.js:223:10
interaction.flushEventLoop@chrome://remote/content/marionette/interaction.js:431:10
webdriverClickElement@chrome://remote/content/marionette/interaction.js:179:31
1635849965241	Marionette	INFO	Stopped listening on port 30255
JavaScript error: resource:///modules/Interactions.jsm, line 201: NS_ERROR_FAILURE: Component returned failure code: 0x80004005 (NS_ERROR_FAILURE) [nsIUserIdleService.removeIdleObserver]

###!!! [Parent][RunMessage] Error: Channel closing: too late to send/recv, messages will be lost

