[INFO ] [2021-11-02 17:23:45,537] --------START delete file in folder---------
[INFO ] [2021-11-02 17:23:45,538] --------END delete file in folder---------
[INFO ] [2021-11-02 17:23:45,552] Pre-Condition - Step 01: Open browser 'firefox' and navigate 'https://admin-demo.nopcommerce.com/login?ReturnUrl=/admin/'
[INFO ] [2021-11-02 17:23:52,386]  -------------------------- PASSED -------------------------- 
[INFO ] [2021-11-02 17:23:52,388] Pre-Condition - Step 03: Open homepage
[INFO ] [2021-11-02 17:23:57,990] TC_01 - Step 01: Open sub menu 'Product'
[INFO ] [2021-11-02 17:24:00,540] TC_01 - Step 02: Expand Panel 'Search'
[INFO ] [2021-11-02 17:24:00,616] TC_01 - Step 03: Enter to 'Product name' textbox
[INFO ] [2021-11-02 17:24:00,757] TC_01 - Step 04: Click to 'Search' button
[INFO ] [2021-11-02 17:24:01,615] TC_01 - Step 05: Verify only one item is displayed in table
[INFO ] [2021-11-02 17:24:01,684]  -------------------------- PASSED -------------------------- 
[INFO ] [2021-11-02 17:24:01,744]  -------------------------- PASSED -------------------------- 
[INFO ] [2021-11-02 17:24:01,807]  -------------------------- PASSED -------------------------- 
[INFO ] [2021-11-02 17:24:01,868]  -------------------------- PASSED -------------------------- 
[INFO ] [2021-11-02 17:24:01,992]  -------------------------- PASSED -------------------------- 
[INFO ] [2021-11-02 17:24:02,075] TC_02 - Step 01: Refresh page
[INFO ] [2021-11-02 17:24:05,961] TC_02 - Step 02: Enter to 'Product name' textbox
[INFO ] [2021-11-02 17:24:06,085] TC_02 - Step 03: Select item in dropdown
[INFO ] [2021-11-02 17:24:06,424] TC_02 - Step 03: Uncheck to checkbox
[INFO ] [2021-11-02 17:24:06,476] TC_02 - Step 04: Click to 'Search' button
[INFO ] [2021-11-02 17:24:06,761] TC_02 - Step 05: Verify 'No data available in table' message is dispayed 
[INFO ] [2021-11-02 17:24:07,918]  -------------------------- PASSED -------------------------- 
[INFO ] [2021-11-02 17:24:07,921] TC_03 - Step 01: Refresh page
[INFO ] [2021-11-02 17:24:11,681] TC_03 - Step 02: Enter to 'Product name' textbox
[INFO ] [2021-11-02 17:24:11,804] TC_03 - Step 03: Select item in dropdown
[INFO ] [2021-11-02 17:24:12,190] TC_03 - Step 04: Check to 'Search subcategories' checkbox
[INFO ] [2021-11-02 17:24:12,520] TC_03 - Step 05: Click to 'Search' button
[INFO ] [2021-11-02 17:24:13,368] TC_03 - Step 06: Verify only one item is displayed in table
[INFO ] [2021-11-02 17:24:13,436]  -------------------------- PASSED -------------------------- 
[INFO ] [2021-11-02 17:24:13,498]  -------------------------- PASSED -------------------------- 
[INFO ] [2021-11-02 17:24:13,599]  -------------------------- PASSED -------------------------- 
[INFO ] [2021-11-02 17:24:13,653]  -------------------------- PASSED -------------------------- 
[INFO ] [2021-11-02 17:24:13,812]  -------------------------- PASSED -------------------------- 
[INFO ] [2021-11-02 17:24:13,814] TC_04 - Step 01: Refresh page
[INFO ] [2021-11-02 17:24:18,776] TC_04 - Step 02: Enter to 'Product name' textbox
[INFO ] [2021-11-02 17:24:18,901] TC_04 - Step 03: Select to Child Category in dropdown
[INFO ] [2021-11-02 17:24:19,208] TC_04 - Step 04: Uncheck to 'Search subcategories' checkbox
[INFO ] [2021-11-02 17:24:19,323] TC_04 - Step 05: Click to 'Search' button
[INFO ] [2021-11-02 17:24:20,701] TC_04 - Step 06: Verify only one item is displayed in table
[INFO ] [2021-11-02 17:24:20,769]  -------------------------- PASSED -------------------------- 
[INFO ] [2021-11-02 17:24:20,832]  -------------------------- PASSED -------------------------- 
[INFO ] [2021-11-02 17:24:20,927]  -------------------------- PASSED -------------------------- 
[INFO ] [2021-11-02 17:24:20,985]  -------------------------- PASSED -------------------------- 
[INFO ] [2021-11-02 17:24:21,111]  -------------------------- PASSED -------------------------- 
[INFO ] [2021-11-02 17:24:21,113] TC_05 - Step 01: Refresh page
[INFO ] [2021-11-02 17:24:25,917] TC_05 - Step 02: Enter to 'Product name' textbox
[INFO ] [2021-11-02 17:24:26,040] TC_05 - Step 03: Select to Category in dropdown
[INFO ] [2021-11-02 17:24:26,119] TC_05 - Step 04: Uncheck to 'Search subcategories' checkbox
[INFO ] [2021-11-02 17:24:26,164] TC_05 - Step 05: Select to Manufacturer dropdown
[INFO ] [2021-11-02 17:24:26,505] TC_05 - Step 06: Click to 'Search' button
[INFO ] [2021-11-02 17:24:28,404] TC_05 - Step 07: Verify only one item is displayed in table
[INFO ] [2021-11-02 17:24:28,474]  -------------------------- PASSED -------------------------- 
[INFO ] [2021-11-02 17:24:28,476] TC_06 - Step 01: Refresh page
[INFO ] [2021-11-02 17:24:32,871] TC_06 - Step 02: Enter to 'Go directly to product' textbox
[INFO ] [2021-11-02 17:24:32,997] TC_06 - Step 03: Click to 'Go' button
[INFO ] [2021-11-02 17:24:38,247] TC_06 - Step 04: Verify Title product details page is displayed
[INFO ] [2021-11-02 17:24:38,312]  -------------------------- PASSED -------------------------- 
[INFO ] [2021-11-02 17:24:38,312] TC_06 - Step 05: Verify product info is displayed
[INFO ] [2021-11-02 17:24:38,369]  -------------------------- PASSED -------------------------- 
[INFO ] [2021-11-02 17:24:38,371] Post-Condition - Close Browser - firefox
[INFO ] [2021-11-02 17:24:38,371] OS name = windows 10
[INFO ] [2021-11-02 17:24:39,450] Pre-Condition - Step 01: Open browser 'firefox' and navigate 'https://admin-demo.nopcommerce.com/login?ReturnUrl=/admin/'
[INFO ] [2021-11-02 17:24:42,891] Pre-Condition - Step 02: Verify Login Page is displayed
[INFO ] [2021-11-02 17:24:42,950]  -------------------------- PASSED -------------------------- 
[INFO ] [2021-11-02 17:24:42,950] Pre-Condition - Step 03: Open homepage
[INFO ] [2021-11-02 17:24:46,550] TC_01 - Step 01: Open sub menu 'Customers'
[INFO ] [2021-11-02 17:24:48,589] TC_01 - Step 02: Click to 'Add new' button
[INFO ] [2021-11-02 17:24:50,310] TC_01 - Step 03: Enter to 'Email' textbox
[INFO ] [2021-11-02 17:24:50,437] TC_01 - Step 04: Enter to 'Password' textbox
[INFO ] [2021-11-02 17:24:50,536] TC_01 - Step 05: Enter to 'Firstname' textbox
[INFO ] [2021-11-02 17:24:50,644] TC_01 - Step 06: Enter to 'Lastname' textbox
[INFO ] [2021-11-02 17:24:50,763] TC_01 - Step 07: Click to 'Male' radio button
[INFO ] [2021-11-02 17:24:51,051] TC_01 - Step 08: Enter to 'Date of birth' textbox
[INFO ] [2021-11-02 17:24:51,152] TC_01 - Step 09: Enter to 'Company name' textbox
[INFO ] [2021-11-02 17:24:53,259] TC_01 - Step 10: Clear text in dropdown
[INFO ] [2021-11-02 17:24:55,533] TC_01 - Step 11: Select 'Guest' role in dropdown
[INFO ] [2021-11-02 17:24:59,125] TC_01 - Step 12: Click to 'Active' checkbox
[INFO ] [2021-11-02 17:24:59,174] TC_01 - Step 13: Verify 'Guests' role is selected
[INFO ] [2021-11-02 17:24:59,233]  -------------------------- PASSED -------------------------- 
[INFO ] [2021-11-02 17:24:59,233] TC_01 - Step 14: Enter to 'Admin comment' textbox
[INFO ] [2021-11-02 17:24:59,342] TC_01 - Step 15: Click to 'Save and Continue Edit' button
[INFO ] [2021-11-02 17:25:08,097] TC_01 - Step 16: Verify success mesage
[INFO ] [2021-11-02 17:25:08,435] TC_01 - Step 17: Click to expand panel
[INFO ] [2021-11-02 17:25:08,491] TC_01 - Step 18: Verify customers info are displayed 
[INFO ] [2021-11-02 17:25:08,583]  -------------------------- PASSED -------------------------- 
[INFO ] [2021-11-02 17:25:08,645]  -------------------------- PASSED -------------------------- 
[INFO ] [2021-11-02 17:25:08,728]  -------------------------- PASSED -------------------------- 
[INFO ] [2021-11-02 17:25:08,769]  -------------------------- PASSED -------------------------- 
[INFO ] [2021-11-02 17:25:08,847]  -------------------------- PASSED -------------------------- 
[INFO ] [2021-11-02 17:25:08,909]  -------------------------- PASSED -------------------------- 
[INFO ] [2021-11-02 17:25:08,958]  -------------------------- PASSED -------------------------- 
[INFO ] [2021-11-02 17:25:08,958] TC_01 - Step 19: Click to 'Back to customer list' button
[INFO ] [2021-11-02 17:25:13,599] TC_01 - Step 20: Clear 'Customer roles' droplist
[INFO ] [2021-11-02 17:25:15,900] TC_01 - Step 21: Select 'Guests' item in dropdown
[INFO ] [2021-11-02 17:25:22,526] TC_01 - Step 22: Click to 'Search' button
[INFO ] [2021-11-02 17:25:23,362] TC_01 - Step 23: Verify customer info in table is displayed
[INFO ] [2021-11-02 17:25:23,426] TC_02 - Step 01: Refresh page
[INFO ] [2021-11-02 17:25:26,711] TC_02 - Step 02: Enter to 'Email' textbox
[INFO ] [2021-11-02 17:25:26,846] TC_02 - Step 03: Clear 'Customer roles' list
[INFO ] [2021-11-02 17:25:29,129] TC_02 - Step 04: Select 'Guests' item in dropdown
[INFO ] [2021-11-02 17:25:35,723] TC_02 - Step 05: Click to 'Search' button
[INFO ] [2021-11-02 17:25:37,093] TC_02 - Step 06: Verify 'Email' info in table is displayed
[INFO ] [2021-11-02 17:25:37,161]  -------------------------- PASSED -------------------------- 
[INFO ] [2021-11-02 17:25:37,161] TC_02 - Step 07: Verify 'Name' info in table is displayed
[INFO ] [2021-11-02 17:25:37,220]  -------------------------- PASSED -------------------------- 
[INFO ] [2021-11-02 17:25:37,220] TC_02 - Step 08: Verify 'Guests' info in table is displayed
[INFO ] [2021-11-02 17:25:37,284]  -------------------------- PASSED -------------------------- 
[INFO ] [2021-11-02 17:25:37,284] TC_02 - Step 09: Verify 'Company' info in table is displayed
[INFO ] [2021-11-02 17:25:37,369]  -------------------------- PASSED -------------------------- 
[INFO ] [2021-11-02 17:25:37,373] TC_03 - Step 01: Refresh page
[INFO ] [2021-11-02 17:25:41,628] TC_03 - Step 02: Enter to 'First Name' textbox
[INFO ] [2021-11-02 17:25:41,748] TC_03 - Step 03: Enter to 'Last Name' textbox
[INFO ] [2021-11-02 17:25:41,836] TC_03 - Step 04: Clear 'Customer roles' list
[INFO ] [2021-11-02 17:25:44,130] TC_03 - Step 05: Select 'Guests' item in dropdown
[INFO ] [2021-11-02 17:25:50,754] TC_03 - Step 06: Click to 'Search' button
[INFO ] [2021-11-02 17:25:52,156] TC_03 - Step 07: Verify 'Email' info in table is displayed
[INFO ] [2021-11-02 17:25:52,222]  -------------------------- PASSED -------------------------- 
[INFO ] [2021-11-02 17:25:52,222] TC_03 - Step 08: Verify 'Name' info in table is displayed
[INFO ] [2021-11-02 17:25:52,283]  -------------------------- PASSED -------------------------- 
[INFO ] [2021-11-02 17:25:52,283] TC_03 - Step 09: Verify 'Customer roles' info in table is displayed
[INFO ] [2021-11-02 17:25:52,362]  -------------------------- PASSED -------------------------- 
[INFO ] [2021-11-02 17:25:52,363] TC_03 - Step 10: Verify 'Company name' info in table is displayed
[INFO ] [2021-11-02 17:25:52,427]  -------------------------- PASSED -------------------------- 
[INFO ] [2021-11-02 17:25:52,429] TC_04 - Step 01: Refresh page
[INFO ] [2021-11-02 17:25:56,640] TC_04 - Step 02: Enter to 'Company Name' textbox
[INFO ] [2021-11-02 17:25:56,782] TC_04 - Step 03: Clear 'Customer roles' list
[INFO ] [2021-11-02 17:25:59,079] TC_04 - Step 04: Select 'Guests' item in dropdown
[INFO ] [2021-11-02 17:26:05,743] TC_04 - Step 05: Click to 'Search' button
[INFO ] [2021-11-02 17:26:06,605] TC_04 - Step 06: Verify 'Email' info in table is displayed
[INFO ] [2021-11-02 17:26:06,670]  -------------------------- PASSED -------------------------- 
[INFO ] [2021-11-02 17:26:06,670] TC_04 - Step 07: Verify 'Name' info in table is displayed
[INFO ] [2021-11-02 17:26:06,733]  -------------------------- PASSED -------------------------- 
[INFO ] [2021-11-02 17:26:06,733] TC_04 - Step 08: Verify 'Customer rolesl' info in table is displayed
[INFO ] [2021-11-02 17:26:06,794]  -------------------------- PASSED -------------------------- 
[INFO ] [2021-11-02 17:26:06,794] TC_04 - Step 09: Verify 'Company name'' info in table is displayed
[INFO ] [2021-11-02 17:26:06,871]  -------------------------- PASSED -------------------------- 
[INFO ] [2021-11-02 17:26:06,873] TC_05 - Step 01: Refresh page
[INFO ] [2021-11-02 17:26:11,345] TC_05 - Step 02: Enter to 'Email' textbox
[INFO ] [2021-11-02 17:26:11,454] TC_05 - Step 03: Enter to 'First Name' textbox
[INFO ] [2021-11-02 17:26:11,555] TC_05 - Step 04: Enter to 'Last Name' textbox
[INFO ] [2021-11-02 17:26:11,648] TC_05 - Step 05: Enter to 'Month of Birth' textbox
[INFO ] [2021-11-02 17:26:11,949] TC_05 - Step 06: Enter to 'Day of Birth' textbox
[INFO ] [2021-11-02 17:26:12,276] TC_05 - Step 07: Enter to 'Company Name' textbox
[INFO ] [2021-11-02 17:26:12,387] TC_05 - Step 08: Clear 'Customer roles' list
[INFO ] [2021-11-02 17:26:14,675] TC_05 - Step 09: Select 'Guests' item in dropdown
[INFO ] [2021-11-02 17:26:21,282] TC_05 - Step 10: Click to 'Search' button
[INFO ] [2021-11-02 17:26:22,152] TC_05 - Step 11: Verify 'Email' info in table is displayed
[INFO ] [2021-11-02 17:26:22,237]  -------------------------- PASSED -------------------------- 
[INFO ] [2021-11-02 17:26:22,237] TC_05 - Step 12: Verify 'Name' info in table is displayed
[INFO ] [2021-11-02 17:26:22,299]  -------------------------- PASSED -------------------------- 
[INFO ] [2021-11-02 17:26:22,299] TC_05 - Step 13: Verify 'Customer roles' info in table is displayed
[INFO ] [2021-11-02 17:26:22,361]  -------------------------- PASSED -------------------------- 
[INFO ] [2021-11-02 17:26:22,361] TC_05 - Step 14: Verify 'Company name' info in table is displayed
[INFO ] [2021-11-02 17:26:22,424]  -------------------------- PASSED -------------------------- 
[INFO ] [2021-11-02 17:26:22,425] TC_06 - Step 01: Click to 'Edit' button in table
[INFO ] [2021-11-02 17:26:28,778] TC_06 - Step 02: Enter to 'Email' textbox
[INFO ] [2021-11-02 17:26:28,905] TC_06 - Step 03: Enter to 'First Name' textbox
[INFO ] [2021-11-02 17:26:29,001] TC_06 - Step 04: Enter to 'Last Name' textbox
[INFO ] [2021-11-02 17:26:29,098] TC_06 - Step 05: Enter to 'Date of Birth' textbox
[INFO ] [2021-11-02 17:26:29,240] TC_06 - Step 06: Enter to 'Company Name' textbox
[INFO ] [2021-11-02 17:26:29,335] TC_06 - Step 06: Enter to 'Comment Admin' textbox
[INFO ] [2021-11-02 17:26:29,443] TC_06 - Step 07: Click to 'Save' button
[INFO ] [2021-11-02 17:26:31,610] TC_06 - Step 08: Verify success message is displayed
[INFO ] [2021-11-02 17:26:31,679] TC_06 - Step 09: Enter to 'Email' textbox
[INFO ] [2021-11-02 17:26:34,809] TC_06 - Step 10: Enter to 'First Name' textbox
[INFO ] [2021-11-02 17:26:34,909] TC_06 - Step 11: Enter to 'Last Name' textbox
[INFO ] [2021-11-02 17:26:35,000] TC_06 - Step 12: Enter to 'Month of Birth' textbox
[INFO ] [2021-11-02 17:26:35,337] TC_06 - Step 13: Enter to 'Day of Birth' textbox
[INFO ] [2021-11-02 17:26:35,699] TC_06 - Step 14: Enter to 'Company Name' textbox
[INFO ] [2021-11-02 17:26:35,808] TC_06 - Step 15: Clear 'Customer roles' list
[INFO ] [2021-11-02 17:26:38,099] TC_06 - Step 16: Select 'Guests' item in dropdown
[INFO ] [2021-11-02 17:26:44,707] TC_06 - Step 17: Click to 'Search' button
[INFO ] [2021-11-02 17:26:45,551] TC_06 - Step 18: Verify 'Email' info in table is displayed
[INFO ] [2021-11-02 17:26:45,616]  -------------------------- PASSED -------------------------- 
[INFO ] [2021-11-02 17:26:45,616] TC_06 - Step 19: Verify 'Name' info in table is displayed
[INFO ] [2021-11-02 17:26:45,676]  -------------------------- PASSED -------------------------- 
[INFO ] [2021-11-02 17:26:45,676] TC_06 - Step 20: Verify 'Guests' info in table is displayed
[INFO ] [2021-11-02 17:26:45,737]  -------------------------- PASSED -------------------------- 
[INFO ] [2021-11-02 17:26:45,737] TC_06 - Step 21: Verify 'Company name' info in table is displayed
[INFO ] [2021-11-02 17:26:45,803]  -------------------------- PASSED -------------------------- 
[INFO ] [2021-11-02 17:26:45,805] TC_07 - Step 01: Click to 'Edit' button in table
[INFO ] [2021-11-02 17:26:46,447] TC_07 - Step 02: Click to Expand panel in 'Addresses' form
[INFO ] [2021-11-02 17:26:52,837] TC_07 - Step 3: Click to 'Add new Address' button
[INFO ] [2021-11-02 17:26:55,377] TC_07 - Step 04: Update First name information to textbox
[INFO ] [2021-11-02 17:26:55,482] TC_07 - Step 05: Update Last name information to textbox
[INFO ] [2021-11-02 17:26:55,591] TC_07 - Step 06: Update Email information to textbox
[INFO ] [2021-11-02 17:26:55,706] TC_07 - Step 07: Update Company name information to textbox
[INFO ] [2021-11-02 17:26:55,803] TC_07 - Step 08: Update Country name information to dropdown
[INFO ] [2021-11-02 17:26:56,132] TC_07 - Step 09: Update State province information to dropdown
[INFO ] [2021-11-02 17:26:56,213] TC_07 - Step 10: Update Company City name information to textbox
[INFO ] [2021-11-02 17:26:56,309] TC_07 - Step 11: Update Address 1 information to textbox
[INFO ] [2021-11-02 17:26:56,408] TC_07 - Step 12: Update Address 2 information to textbox
[INFO ] [2021-11-02 17:26:56,502] TC_07 - Step 13: Update Zip code information to textbox
[INFO ] [2021-11-02 17:26:56,607] TC_07 - Step 14: Update Phone number information to textbox
[INFO ] [2021-11-02 17:26:56,702] TC_07 - Step 15: Update Phone number information to textbox
[INFO ] [2021-11-02 17:26:56,797] TC_07 - Step 16: Click to 'Save' button
[INFO ] [2021-11-02 17:26:59,488] TC_07 - Step 17: Verify success mesage
[INFO ] [2021-11-02 17:27:02,569] TC_07 - Step 18: Verify Firstname infomation is updated successfully
[INFO ] [2021-11-02 17:27:02,635]  -------------------------- PASSED -------------------------- 
[INFO ] [2021-11-02 17:27:02,635] ATC_07 - Step 19: Verify Lastname infomation is updated successfully
[INFO ] [2021-11-02 17:27:02,699]  -------------------------- PASSED -------------------------- 
[INFO ] [2021-11-02 17:27:02,699] TC_07 - Step 20: Verify email infomation is updated successfully
[INFO ] [2021-11-02 17:27:02,760]  -------------------------- PASSED -------------------------- 
[INFO ] [2021-11-02 17:27:02,760] TC_07 - Step 21: Verify company name infomation is updated successfully
[INFO ] [2021-11-02 17:27:02,824]  -------------------------- PASSED -------------------------- 
[INFO ] [2021-11-02 17:27:02,824] TC_07 - Step 22: Verify country name infomation is updated successfully
[INFO ] [2021-11-02 17:27:03,280]  -------------------------- PASSED -------------------------- 
[INFO ] [2021-11-02 17:27:03,280] TC_07 - Step 23: Update State province information to dropdown
[INFO ] [2021-11-02 17:27:03,365]  -------------------------- PASSED -------------------------- 
[INFO ] [2021-11-02 17:27:03,365] TC_07 - Step 24: Verify city name infomation is updated successfully
[INFO ] [2021-11-02 17:27:03,425]  -------------------------- PASSED -------------------------- 
[INFO ] [2021-11-02 17:27:03,425] TC_07 - Step 25: Verify address1 infomation is updated successfully
[INFO ] [2021-11-02 17:27:03,487]  -------------------------- PASSED -------------------------- 
[INFO ] [2021-11-02 17:27:03,487] TC_07 - Step 26: Verify address2 infomation is updated successfully
[INFO ] [2021-11-02 17:27:03,549]  -------------------------- PASSED -------------------------- 
[INFO ] [2021-11-02 17:27:03,549] TC_07 - Step 27: Verify zip code infomation is updated successfully
[INFO ] [2021-11-02 17:27:03,612]  -------------------------- PASSED -------------------------- 
[INFO ] [2021-11-02 17:27:03,612] TC_07 - Step 28: Verify phone number infomation is updated successfully
[INFO ] [2021-11-02 17:27:03,674]  -------------------------- PASSED -------------------------- 
[INFO ] [2021-11-02 17:27:03,674] TC_07 - Step 29: Verify fax number infomation is updated successfully
[INFO ] [2021-11-02 17:27:03,735]  -------------------------- PASSED -------------------------- 
[INFO ] [2021-11-02 17:27:06,738] TC_07 - Step 30: Click to 'Back to customer details' button
[INFO ] [2021-11-02 17:27:08,495] TC_07 - Step 31: Click to Expand panel in 'Addresses' form
[INFO ] [2021-11-02 17:27:08,561] TC_07 - Step 32: Verify  displayed customer info in table
[INFO ] [2021-11-02 17:27:08,678] TC_08 - Step 01: Click to 'Back to customer list' button
[INFO ] [2021-11-02 17:27:15,226] TC_08 - Step 02: Edit 'Email address' textbox
[INFO ] [2021-11-02 17:27:15,340] TC_08 - Step 03: Edit 'First name' textbox
[INFO ] [2021-11-02 17:27:15,437] TC_08 - Step 04: Edit 'Last name' textbox
[INFO ] [2021-11-02 17:27:15,532] TC_08 - Step 05: Select 'Month of birth' item in dropdown
[INFO ] [2021-11-02 17:27:15,832] TC_08 - Step 06: Select 'Day of birth' item in dropdown
[INFO ] [2021-11-02 17:27:16,162] TC_08 - Step 07: Edit 'Company name' textbox
[INFO ] [2021-11-02 17:27:16,273] TC_08 - Step 08: Clear 'Customer roles' list
[INFO ] [2021-11-02 17:27:18,560] TC_08 - Step 09: Select 'Guests' item in dropdown
[INFO ] [2021-11-02 17:27:25,153] TC_08 - Step 10: Click to 'Search' button
[INFO ] [2021-11-02 17:27:26,027] TC_08 - Step 11: Click to 'Edit' button in table
[INFO ] [2021-11-02 17:27:28,091] TC_08 - Step 12: Click to Expand panel in 'Addresses' form
[INFO ] [2021-11-02 17:27:31,240] TC_08 - Step 13: Click to 'Edit' button in table
[INFO ] [2021-11-02 17:27:34,774] TC_08 - Step 14: Update First name information to textbox
[INFO ] [2021-11-02 17:27:34,877] TC_08 - Step 15: Update Last name information to textbox
[INFO ] [2021-11-02 17:27:35,018] TC_08 - Step 16: Update Email information to textbox
[INFO ] [2021-11-02 17:27:35,140] TC_08 - Step 17: Update Company name information to textbox
[INFO ] [2021-11-02 17:27:35,257] TC_08 - Step 18: Update Country name information to dropdown
[INFO ] [2021-11-02 17:27:35,561] TC_08 - Step 19: Update Company City name information to textbox
[INFO ] [2021-11-02 17:27:35,686] TC_08 - Step 20: Update Address 1 information to textbox
[INFO ] [2021-11-02 17:27:35,783] TC_08 - Step 21: Update Address 2 information to textbox
[INFO ] [2021-11-02 17:27:35,916] TC_08 - Step 22: Update Zip code information to textbox
[INFO ] [2021-11-02 17:27:36,015] TC_08 - Step 23: Update Phone number information to textbox
[INFO ] [2021-11-02 17:27:36,116] TC_08 - Step 24: Update Phone number information to textbox
[INFO ] [2021-11-02 17:27:36,224] TC_08 - Step 25: Click to 'Save' button
[INFO ] [2021-11-02 17:27:37,747] TC_08 - Step 26: Verify success message is displayed
[INFO ] [2021-11-02 17:27:40,817] TC_08 - Step 27: Verify Firstname infomation is updated successfully
[INFO ] [2021-11-02 17:27:40,884]  -------------------------- PASSED -------------------------- 
[INFO ] [2021-11-02 17:27:40,884] TC_08 - Step 28: Verify Lastname infomation is updated successfully
[INFO ] [2021-11-02 17:27:40,944]  -------------------------- PASSED -------------------------- 
[INFO ] [2021-11-02 17:27:40,944] TC_08 - Step 29: Verify email infomation is updated successfully
[INFO ] [2021-11-02 17:27:41,007]  -------------------------- PASSED -------------------------- 
[INFO ] [2021-11-02 17:27:41,007] TC_08 - Step 30: Verify email infomation is updated successfully
[INFO ] [2021-11-02 17:27:41,070]  -------------------------- PASSED -------------------------- 
[INFO ] [2021-11-02 17:27:41,071] TC_08 - Step 31: Verify email infomation is updated successfully
[INFO ] [2021-11-02 17:27:41,194]  -------------------------- PASSED -------------------------- 
[INFO ] [2021-11-02 17:27:41,194] TC_08 - Step 32: Verify email infomation is updated successfully
[INFO ] [2021-11-02 17:27:41,287]  -------------------------- PASSED -------------------------- 
[INFO ] [2021-11-02 17:27:41,287] TC_08 - Step 33: Verify email infomation is updated successfully
[INFO ] [2021-11-02 17:27:41,350]  -------------------------- PASSED -------------------------- 
[INFO ] [2021-11-02 17:27:41,350] TC_08 - Step 34: Verify email infomation is updated successfully
[INFO ] [2021-11-02 17:27:41,413]  -------------------------- PASSED -------------------------- 
[INFO ] [2021-11-02 17:27:41,413] TC_08 - Step 35: Verify email infomation is updated successfully
[INFO ] [2021-11-02 17:27:41,474]  -------------------------- PASSED -------------------------- 
[INFO ] [2021-11-02 17:27:41,474] TC_08 - Step 36: Verify email infomation is updated successfully
[INFO ] [2021-11-02 17:27:41,554]  -------------------------- PASSED -------------------------- 
[INFO ] [2021-11-02 17:27:41,554] TC_08 - Step 37: Verify email infomation is updated successfully
[INFO ] [2021-11-02 17:27:41,615]  -------------------------- PASSED -------------------------- 
[INFO ] [2021-11-02 17:27:41,616] TC_08 - Step 39: Verify email infomation is updated successfully
[INFO ] [2021-11-02 17:27:41,694]  -------------------------- PASSED -------------------------- 
[INFO ] [2021-11-02 17:27:44,697] TC_08 - Step 40: Click 'back to customer details' button
[INFO ] [2021-11-02 17:27:46,893] TC_08 - Step 41: Click to Expand panel in 'Addresses' form
[INFO ] [2021-11-02 17:27:46,971] TC_08 - Step 42: Verify success message is displayed
[INFO ] [2021-11-02 17:27:47,041] TC_09 - Step 01: Click to 'back to customer list' button
[INFO ] [2021-11-02 17:27:53,616] TC_09 - Step 02: Update email information to textbox
[INFO ] [2021-11-02 17:27:53,728] TC_09 - Step 03: Update first name information to textbox
[INFO ] [2021-11-02 17:27:53,824] TC_09 - Step 04: Update lastname information to textbox
[INFO ] [2021-11-02 17:27:53,918] TC_09 - Step 05: Update month of birth information to textbox
[INFO ] [2021-11-02 17:27:54,222] TC_09 - Step 06: Update day of birth information to textbox
[INFO ] [2021-11-02 17:27:54,550] TC_09 - Step 07: Update company name information to textbox
[INFO ] [2021-11-02 17:27:54,655] TC_06 - Step 08: Clear 'Customer roles' list
[INFO ] [2021-11-02 17:27:56,931] TC_09 - Step 09: Select 'Guests' item in dropdown
[INFO ] [2021-11-02 17:28:03,572] TC_09 - Step 10: Click to 'Search' button
[INFO ] [2021-11-02 17:28:04,413] TC_09 - Step 11: Click to 'Edit' button in table
[INFO ] [2021-11-02 17:28:06,614] TC_09 - Step 12: Click to Expand panel in 'Addresses' form
[INFO ] [2021-11-02 17:28:06,809] TC_09 - Step 13: Accept alert
[INFO ] [2021-11-02 17:28:08,863] TC_09 - Step 14: Verify message in table is displayed
[INFO ] [2021-11-02 17:28:08,968] Post-Condition - Close Browser - firefox
[INFO ] [2021-11-02 17:28:08,968] OS name = windows 10
[INFO ] [2021-11-02 17:28:09,605] --------START delete file in folder---------
[INFO ] [2021-11-02 17:28:09,605] --------END delete file in folder---------
[INFO ] [2021-11-02 17:28:09,605] Pre-Condition - Open browser 'firefox' and navigate 'https://demo.nopcommerce.com/'
[INFO ] [2021-11-02 17:28:14,810] Common_01 - Step 01: Verify Home Page is displayed
[INFO ] [2021-11-02 17:28:14,887]  -------------------------- PASSED -------------------------- 
[INFO ] [2021-11-02 17:28:14,887] Pre-Condition - Step 02: Open Register page on header
[INFO ] [2021-11-02 17:28:16,275] Register_03 - Step 01: Enter valid info to 'First Name' textbox
[INFO ] [2021-11-02 17:28:16,370] Register_03 - Step 02: Enter valid info to 'Last Name' textbox
[INFO ] [2021-11-02 17:28:16,457] Register_03 - Step 03: Enter valid info to 'Email' textbox
[INFO ] [2021-11-02 17:28:16,558] Register_03 - Step 04: Enter valid info to 'Password' textbox
[INFO ] [2021-11-02 17:28:16,646] Register_03 - Step 05: Enter valid info to 'Confirm Password' textbox
[INFO ] [2021-11-02 17:28:16,741] Register_03 - Step 06: Click to 'Register' button
[INFO ] [2021-11-02 17:28:18,993] Register_03 - Step 02: Verify success messages is displayed in mandantory fields
[INFO ] [2021-11-02 17:28:19,051]  -------------------------- PASSED -------------------------- 
[INFO ] [2021-11-02 17:28:19,051] Register_03 - Step 03: Open 'Logout' page on header
[INFO ] [2021-11-02 17:28:21,472] Pre-Condition - Step 02: Open 'Login' page on header
[INFO ] [2021-11-02 17:28:21,940] Login_06 - Step 01: Enter valid email to 'Email' textbox
[INFO ] [2021-11-02 17:28:22,037] Login_06 - Step 02: Enter valid password to 'Password' textbox
[INFO ] [2021-11-02 17:28:22,130] Login_06 - Step 03: Click to 'Login' button
[INFO ] [2021-11-02 17:28:22,893] Common_01  - Step 17: Verify Home Page is displayed
[INFO ] [2021-11-02 17:28:22,962]  -------------------------- PASSED -------------------------- 
[INFO ] [2021-11-02 17:28:22,962] Common_01  - Step 18: Get all login page cookies
[INFO ] [2021-11-02 17:28:22,966] Post-Condition - Close Browser - firefox
[INFO ] [2021-11-02 17:28:22,966] OS name = windows 10
[INFO ] [2021-11-02 17:28:23,665] Pre-Condition - Step 01: Open browser 'firefox' and navigate 'https://demo.nopcommerce.com/'
[INFO ] [2021-11-02 17:28:28,348]  -------------------------- PASSED -------------------------- 
[INFO ] [2021-11-02 17:28:28,365] Pre-Condition - Step 02: Open Register page on header
[INFO ] [2021-11-02 17:28:29,856] Register_01 - Step 01: Enter empty info to 'First Name' textbox
[INFO ] [2021-11-02 17:28:29,941] Register_01 - Step 02: Enter empty info to 'Last Name' textbox
[INFO ] [2021-11-02 17:28:30,036] Register_01 - Step 03: Enter empty info to 'Email' textbox
[INFO ] [2021-11-02 17:28:30,128] Register_01 - Step 04: Enter empty info to 'Password' textbox
[INFO ] [2021-11-02 17:28:30,223] Register_01 - Step 05: Enter empty info to 'Confirm Password' textbox
[INFO ] [2021-11-02 17:28:30,313] Register_01 - Step 06: Click to 'Register' button
[INFO ] [2021-11-02 17:28:30,605] Register_01 - Step 07: Verify all error messages are displayed in mandantory fields
[INFO ] [2021-11-02 17:28:30,675]  -------------------------- PASSED -------------------------- 
[INFO ] [2021-11-02 17:28:30,737]  -------------------------- PASSED -------------------------- 
[INFO ] [2021-11-02 17:28:30,800]  -------------------------- PASSED -------------------------- 
[INFO ] [2021-11-02 17:28:30,876]  -------------------------- PASSED -------------------------- 
[INFO ] [2021-11-02 17:28:30,938]  -------------------------- PASSED -------------------------- 
[INFO ] [2021-11-02 17:28:30,941] Register_02 - Step 01: Enter valid info to 'First Name' textbox
[INFO ] [2021-11-02 17:28:31,047] Register_02 - Step 02: Enter valid info to 'Last Name' textbox
[INFO ] [2021-11-02 17:28:31,143] Register_02 - Step 03: Enter invalid info to 'Email' textbox
[INFO ] [2021-11-02 17:28:31,246] Register_02 - Step 04: Enter valid info to 'Password' textbox
[INFO ] [2021-11-02 17:28:31,354] Register_02 - Step 05: Enter valid info to 'Confirm Password' textbox
[INFO ] [2021-11-02 17:28:31,467] Register_02 - Step 06: Click to 'Register' button
[INFO ] [2021-11-02 17:28:31,927] Register_02 - Step 07: Verify email error messages is displayed in mandantory fields
[INFO ] [2021-11-02 17:28:32,011]  -------------------------- PASSED -------------------------- 
[INFO ] [2021-11-02 17:28:32,012] Register_03 - Step 01: Enter valid info to 'First Name' textbox
[INFO ] [2021-11-02 17:28:32,106] Register_03 - Step 02: Enter valid info to 'Last Name' textbox
[INFO ] [2021-11-02 17:28:32,195] Register_03 - Step 03: Enter valid info to 'Email' textbox
[INFO ] [2021-11-02 17:28:32,295] Register_03 - Step 04: Enter valid info to 'Password' textbox
[INFO ] [2021-11-02 17:28:32,405] Register_03 - Step 05: Enter valid info to 'Confirm Password' textbox
[INFO ] [2021-11-02 17:28:32,527] Register_03 - Step 06: Click to 'Register' button
[INFO ] [2021-11-02 17:28:34,104] Register_03 - Step 07: Verify success messages is displayed in mandantory fields
[INFO ] [2021-11-02 17:28:34,164]  -------------------------- PASSED -------------------------- 
[INFO ] [2021-11-02 17:28:34,164] Register_03 - Step 08: Open 'Logout' page on header
[INFO ] [2021-11-02 17:28:36,580] Register_03 - Step 09: Open 'Register' page on header
[INFO ] [2021-11-02 17:28:37,773] Register_03 - Step 01: Enter valid info to 'First Name' textbox
[INFO ] [2021-11-02 17:28:37,873] Register_03 - Step 02: Enter valid info to 'Last Name' textbox
[INFO ] [2021-11-02 17:28:37,985] Register_03 - Step 03: Enter an already existing email to 'Email' textbox
[INFO ] [2021-11-02 17:28:38,079] Register_03 - Step 04: Enter valid info to 'Password' textbox
[INFO ] [2021-11-02 17:28:38,199] Register_03 - Step 05: Enter valid info to 'Confirm Password' textbox
[INFO ] [2021-11-02 17:28:38,314] Register_03 - Step 06: Click to 'Register' button
[INFO ] [2021-11-02 17:28:38,759] Register_04 - Step 08: Verify email error messages is displayed in mandantory fields
[INFO ] [2021-11-02 17:28:38,818]  -------------------------- PASSED -------------------------- 
[INFO ] [2021-11-02 17:28:38,819] Register_03 - Step 01: Enter valid info to 'First Name' textbox
[INFO ] [2021-11-02 17:28:38,910] Register_03 - Step 02: Enter valid info to 'Last Name' textbox
[INFO ] [2021-11-02 17:28:39,003] Register_03 - Step 03: Enter an already existing email to 'Email' textbox
[INFO ] [2021-11-02 17:28:39,104] Register_03 - Step 04: Enter invalid info to 'Password' textbox
[INFO ] [2021-11-02 17:28:39,191] Register_03 - Step 05: Enter valid info to 'Confirm Password' textbox
[INFO ] [2021-11-02 17:28:39,294] Register_03 - Step 06: Click to 'Register' button
[INFO ] [2021-11-02 17:28:39,577] Register_05 - Step 07: Verify password error messages is displayed in mandantory fields
[INFO ] [2021-11-02 17:28:39,640]  -------------------------- PASSED -------------------------- 
[INFO ] [2021-11-02 17:28:39,641] Register_03 - Step 01: Enter valid info to 'First Name' textbox
[INFO ] [2021-11-02 17:28:39,731] Register_03 - Step 02: Enter valid info to 'Last Name' textbox
[INFO ] [2021-11-02 17:28:39,824] Register_03 - Step 03: Enter an already existing email to 'Email' textbox
[INFO ] [2021-11-02 17:28:39,945] Register_03 - Step 04: Enter valid info to 'Password' textbox
[INFO ] [2021-11-02 17:28:40,044] Register_03 - Step 05: Enter invalid info to 'Confirm Password' textbox
[INFO ] [2021-11-02 17:28:40,170] Register_03 - Step 06: Click to 'Register' button
[INFO ] [2021-11-02 17:28:40,441] Register_06 - Step 07: Verify confirm password error messages is displayed in mandantory fields
[INFO ] [2021-11-02 17:28:40,530]  -------------------------- PASSED -------------------------- 
[INFO ] [2021-11-02 17:28:40,531] Post-Condition - Close Browser - firefox
[INFO ] [2021-11-02 17:28:40,531] OS name = windows 10
[INFO ] [2021-11-02 17:28:41,180] Pre-Condition - Step 01: Open browser 'firefox' and navigate 'https://demo.nopcommerce.com/'
[INFO ] [2021-11-02 17:28:46,266]  -------------------------- PASSED -------------------------- 
[INFO ] [2021-11-02 17:28:46,266] Pre-Condition - Step 02: Open 'Login' page on header
[INFO ] [2021-11-02 17:28:47,525] Pre-Condition - Step 03: Set login page cookie
[INFO ] [2021-11-02 17:28:54,004] Pre-Condition - Step 04: Open homepage
[INFO ] [2021-11-02 17:28:55,408] Pre-Condition - Step 05: Verify Home Page is displayed
[INFO ] [2021-11-02 17:28:55,471]  -------------------------- PASSED -------------------------- 
[INFO ] [2021-11-02 17:28:55,475] Wishlist_01 - Step 01: Open sub menu 'Notebooks'
[INFO ] [2021-11-02 17:28:57,173] Wishlist_01 - Step 02: Click to the product title link
[INFO ] [2021-11-02 17:28:59,068] Wishlist_01 - Step 03: Click to 'Add to wishlist' link
[INFO ] [2021-11-02 17:28:59,339] Wishlist_01 - Step 04: Verify message is displayed
[INFO ] [2021-11-02 17:29:00,195]  -------------------------- PASSED -------------------------- 
[INFO ] [2021-11-02 17:29:00,195] Wishlist_01 - Step 05: Click to Close icon
[INFO ] [2021-11-02 17:29:02,500] Wishlist_01 - Step 06: Open 'Wishlist' page on header
[INFO ] [2021-11-02 17:29:03,036] Wishlist_01 - Step 07: Verify Product Information displayed at table
[INFO ] [2021-11-02 17:29:03,097]  -------------------------- PASSED -------------------------- 
[INFO ] [2021-11-02 17:29:03,097] Wishlist_01 - Step 08: Click to 'Your wishlist URL for sharing' link
[INFO ] [2021-11-02 17:29:04,239] Wishlist_01 - Step 09: Verify page title is displayed with firstName and lastName 
[INFO ] [2021-11-02 17:29:04,308]  -------------------------- PASSED -------------------------- 
[INFO ] [2021-11-02 17:29:04,308] Post-Condition - Close Browser - firefox
[INFO ] [2021-11-02 17:29:04,308] OS name = windows 10
[INFO ] [2021-11-02 17:29:05,012] Pre-Condition - Step 01: Open browser 'firefox' and navigate 'https://demo.nopcommerce.com/'
[INFO ] [2021-11-02 17:29:10,076]  -------------------------- PASSED -------------------------- 
[INFO ] [2021-11-02 17:29:10,089] Pre-Condition - Step 02: Open Register page on header
[INFO ] [2021-11-02 17:29:11,491] Register_03 - Step 01: Enter valid info to 'First Name' textbox
[INFO ] [2021-11-02 17:29:11,613] Register_03 - Step 02: Enter valid info to 'Last Name' textbox
[INFO ] [2021-11-02 17:29:11,713] Register_03 - Step 03: Enter valid info to 'Email' textbox
[INFO ] [2021-11-02 17:29:11,823] Register_03 - Step 04: Enter valid info to 'Password' textbox
[INFO ] [2021-11-02 17:29:11,913] Register_03 - Step 05: Enter valid info to 'Confirm Password' textbox
[INFO ] [2021-11-02 17:29:12,013] Register_03 - Step 06: Click to 'Register' button
[INFO ] [2021-11-02 17:29:13,611] Register_03 - Step 02: Verify success messages is displayed in mandantory fields
[INFO ] [2021-11-02 17:29:13,674]  -------------------------- PASSED -------------------------- 
[INFO ] [2021-11-02 17:29:13,675] Register_03 - Step 03: Open 'Logout' page on header
[INFO ] [2021-11-02 17:29:16,129] Pre-Condition - Step 02: Open 'Login' page on header
[INFO ] [2021-11-02 17:29:17,591] Login_01 - Step 01: Enter empty info to 'Email' textbox
[INFO ] [2021-11-02 17:29:17,683] Login_01 - Step 02: Enter empty info to 'Password' textbox
[INFO ] [2021-11-02 17:29:17,793] Login_01 - Step 03: Click to 'Login' button
[INFO ] [2021-11-02 17:29:18,088] Login_01 - Step 04: Verify error messages is displayed in mandantory fields
[INFO ] [2021-11-02 17:29:18,156]  -------------------------- PASSED -------------------------- 
[INFO ] [2021-11-02 17:29:18,158] Login_02 - Step 01: Enter invalid email to 'Email' textbox
[INFO ] [2021-11-02 17:29:18,252] Login_02 - Step 02: Enter invalid password to 'Password' textbox
[INFO ] [2021-11-02 17:29:18,408] Login_02 - Step 03: Click to 'Login' button
[INFO ] [2021-11-02 17:29:18,671] Login_02 - Step 04: Verify error messages is displayed in mandantory fields
[INFO ] [2021-11-02 17:29:18,731]  -------------------------- PASSED -------------------------- 
[INFO ] [2021-11-02 17:29:18,733] Login_03 - Step 01: Enter an unregistered email to 'Email' textbox
[INFO ] [2021-11-02 17:29:18,836] Login_03 - Step 02: Enter valid password to 'Password' textbox
[INFO ] [2021-11-02 17:29:18,950] Login_03 - Step 03: Click to 'Login' button
[INFO ] [2021-11-02 17:29:19,413] Login_03 - Step 04: Verify error messages is displayed in mandantory fields
[INFO ] [2021-11-02 17:29:19,513]  -------------------------- PASSED -------------------------- 
[INFO ] [2021-11-02 17:29:19,514] Login_04 - Step 01: Enter valid email to 'Email' textbox
[INFO ] [2021-11-02 17:29:19,610] Login_04 - Step 02: Enter empty password to 'Password' textbox
[INFO ] [2021-11-02 17:29:19,713] Login_04 - Step 03: Click to 'Login' button
[INFO ] [2021-11-02 17:29:20,129] Login_04 - Step 04: Verify error messages is displayed in mandantory fields
[INFO ] [2021-11-02 17:29:20,194]  -------------------------- PASSED -------------------------- 
[INFO ] [2021-11-02 17:29:20,195] Login_05 - Step 01: Enter valid email to 'Email' textbox
[INFO ] [2021-11-02 17:29:20,294] Login_05 - Step 02: Enter invalid password to 'Password' textbox
[INFO ] [2021-11-02 17:29:20,381] Login_05 - Step 03: Click to 'Login' button
[INFO ] [2021-11-02 17:29:20,828] Login_05 - Step 04: Verify error messages is displayed in mandantory fields
[INFO ] [2021-11-02 17:29:20,917]  -------------------------- PASSED -------------------------- 
[INFO ] [2021-11-02 17:29:20,918] Login_06 - Step 01: Enter valid email to 'Email' textbox
[INFO ] [2021-11-02 17:29:21,029] Login_06 - Step 02: Enter valid password to 'Password' textbox
[INFO ] [2021-11-02 17:29:21,163] Login_06 - Step 03: Click to 'Login' button
[INFO ] [2021-11-02 17:29:22,841] Login_06 - Step 04: Verify Logout link is displayed on header
[INFO ] [2021-11-02 17:29:22,919]  -------------------------- PASSED -------------------------- 
[INFO ] [2021-11-02 17:29:22,920] Post-Condition - Close Browser - firefox
[INFO ] [2021-11-02 17:29:22,921] OS name = windows 10
[INFO ] [2021-11-02 17:29:23,580] Pre-Condition - Step 01: Open browser 'firefox' and navigate 'https://demo.nopcommerce.com/'
[INFO ] [2021-11-02 17:29:27,320]  -------------------------- PASSED -------------------------- 
[INFO ] [2021-11-02 17:29:27,321] Pre-Condition - Step 02: Open 'Login' page on header
[INFO ] [2021-11-02 17:29:27,960] Pre-Condition - Step 03: Set login page cookie
[INFO ] [2021-11-02 17:29:34,419] Pre-Condition - Step 04: Open homepage
[INFO ] [2021-11-02 17:29:34,918] Pre-Condition - Step 05: Verify Home Page is displayed
[INFO ] [2021-11-02 17:29:35,008]  -------------------------- PASSED -------------------------- 
[INFO ] [2021-11-02 17:29:35,010] Add_To_Cart_01 - Step 01: Open sub menu 'Notebooks'
[INFO ] [2021-11-02 17:29:36,733] Add_To_Cart_01 - Step 02: Click to the product title link
[INFO ] [2021-11-02 17:29:38,596] Add_To_Cart_01 - Step 03: Click to 'Add your review' link
[INFO ] [2021-11-02 17:29:38,869] Add_To_Cart_01 - Step 04: Verify message is displayed
[INFO ] [2021-11-02 17:29:39,804]  -------------------------- PASSED -------------------------- 
[INFO ] [2021-11-02 17:29:39,805] Add_To_Cart_01 - Step 05: Click to Close icon
[INFO ] [2021-11-02 17:29:42,085] Add_To_Cart_01 - Step 06: Open 'Wishlist' page on header
[INFO ] [2021-11-02 17:29:43,310] Add_To_Cart_01 - Step 07: Verify Product Information displayed at table
[INFO ] [2021-11-02 17:29:43,366]  -------------------------- PASSED -------------------------- 
[INFO ] [2021-11-02 17:29:43,366] Add_To_Cart_01 - Step 08: Click to Checkbox at line '1' 
[INFO ] [2021-11-02 17:29:43,668] Add_To_Cart_01 - Step 09: Click to 'Add to cart' button
[INFO ] [2021-11-02 17:29:44,691] Add_To_Cart_01 - Step 10: Verify Product Information displayed at table
[INFO ] [2021-11-02 17:29:44,761]  -------------------------- PASSED -------------------------- 
[INFO ] [2021-11-02 17:29:44,761] Add_To_Cart_01 - Step 11: Verify shopping cart title is displayed
[INFO ] [2021-11-02 17:29:44,823]  -------------------------- PASSED -------------------------- 
[INFO ] [2021-11-02 17:29:45,936] Add_To_Cart_01 - Step 07: Verify message no data in page
[INFO ] [2021-11-02 17:29:46,004]  -------------------------- PASSED -------------------------- 
[INFO ] [2021-11-02 17:29:46,005] Post-Condition - Close Browser - firefox
[INFO ] [2021-11-02 17:29:46,005] OS name = windows 10
[INFO ] [2021-11-02 17:29:46,710] Pre-Condition - Step 01: Open browser 'firefox' and navigate 'https://demo.nopcommerce.com/'
[INFO ] [2021-11-02 17:29:51,267]  -------------------------- PASSED -------------------------- 
[INFO ] [2021-11-02 17:29:51,267] Pre-Condition - Step 02: Open 'Login' page on header
[INFO ] [2021-11-02 17:29:52,488] Pre-Condition - Step 03: Set login page cookie
[INFO ] [2021-11-02 17:29:59,840] Pre-Condition - Step 04: Open homepage
[INFO ] [2021-11-02 17:30:01,228] Pre-Condition - Step 05: Verify Home Page is displayed
[INFO ] [2021-11-02 17:30:01,293]  -------------------------- PASSED -------------------------- 
[INFO ] [2021-11-02 17:30:01,295] Remove_Product_01 - Step 01: Open sub menu 'Notebooks'
[INFO ] [2021-11-02 17:30:04,078] Remove_Product_01 - Step 02: Click to the product title link
[INFO ] [2021-11-02 17:30:07,069] Remove_Product_01 - Step 03: Click to 'Add your review' link
[INFO ] [2021-11-02 17:30:07,350] Remove_Product_01 - Step 04: Verify message is displayed
[INFO ] [2021-11-02 17:30:08,223]  -------------------------- PASSED -------------------------- 
[INFO ] [2021-11-02 17:30:08,223] Remove_Product_01 - Step 05: Click to Close icon
[INFO ] [2021-11-02 17:30:10,538] Remove_Product_01 - Step 06: Open 'Wishlist' page on header
[INFO ] [2021-11-02 17:30:12,647] Remove_Product_01 - Step 07: Verify Product Information displayed at table
[INFO ] [2021-11-02 17:30:12,719]  -------------------------- PASSED -------------------------- 
[INFO ] [2021-11-02 17:30:12,719] Remove_Product_01 - Step 08: Click to Remove icon at line '1' 
[INFO ] [2021-11-02 17:30:13,901] Remove_Product_01 - Step 00: Verify message no data in page
[INFO ] [2021-11-02 17:30:13,968]  -------------------------- PASSED -------------------------- 
[INFO ] [2021-11-02 17:30:13,968] Remove_Product_01 - Step 10: Verify shopping cart title is displayed
[INFO ] [2021-11-02 17:31:19,036]  -------------------------- PASSED -------------------------- 
[INFO ] [2021-11-02 17:31:19,037] Post-Condition - Close Browser - firefox
[INFO ] [2021-11-02 17:31:19,037] OS name = windows 10
[INFO ] [2021-11-02 17:31:19,702] Pre-Condition - Step 01: Open browser 'firefox' and navigate 'https://demo.nopcommerce.com/'
[INFO ] [2021-11-02 17:31:24,266]  -------------------------- PASSED -------------------------- 
[INFO ] [2021-11-02 17:31:24,266] Pre-Condition - Step 02: Open 'Login' page on header
[INFO ] [2021-11-02 17:31:25,571] Pre-Condition - Step 03: Set login page cookie
[INFO ] [2021-11-02 17:31:32,119] Pre-Condition - Step 04: Open homepage
[INFO ] [2021-11-02 17:31:33,501] Pre-Condition - Step 05: Verify Home Page is displayed
[INFO ] [2021-11-02 17:31:33,564]  -------------------------- PASSED -------------------------- 
[INFO ] [2021-11-02 17:31:33,566] Add_To_Compare_01 - Step 01: Open sub menu 'Desktops '
[INFO ] [2021-11-02 17:31:35,077] Add_To_Compare_01 - Step 02: Click to the product title link
[INFO ] [2021-11-02 17:31:36,437] Add_To_Compare_01 - Step 03: Verify message is displayed
[INFO ] [2021-11-02 17:31:36,519]  -------------------------- PASSED -------------------------- 
[INFO ] [2021-11-02 17:31:36,519] Add_To_Compare_01 - Step 04: Click to Close icon
[INFO ] [2021-11-02 17:31:36,797] Add_To_Compare_01 - Step 05: Click to the product title link
[INFO ] [2021-11-02 17:31:37,619] Add_To_Compare_01 - Step 06: Verify message is displayed
[INFO ] [2021-11-02 17:31:37,668]  -------------------------- PASSED -------------------------- 
[INFO ] [2021-11-02 17:31:37,668] Add_To_Compare_01 - Step 07: Click to Close icon
[INFO ] [2021-11-02 17:31:37,944] Pre-Condition - Step 08: Open Register 'Compare products list' page on footer
[INFO ] [2021-11-02 17:31:38,425] Add_To_Compare_01 - Step 09: Verify Product Information displayed at table
[INFO ] [2021-11-02 17:32:38,530]  -------------------------- PASSED -------------------------- 
[INFO ] [2021-11-02 17:33:38,625]  -------------------------- PASSED -------------------------- 
[INFO ] [2021-11-02 17:33:38,700]  -------------------------- PASSED -------------------------- 
[INFO ] [2021-11-02 17:33:38,758]  -------------------------- PASSED -------------------------- 
[INFO ] [2021-11-02 17:33:38,820]  -------------------------- PASSED -------------------------- 
[INFO ] [2021-11-02 17:33:38,820] Add_To_Compare_01 - Step 10: Click to 'Clear List' button
[INFO ] [2021-11-02 17:33:38,912] Add_To_Compare_01 - Step 11: Verify message is displayed
[INFO ] [2021-11-02 17:33:41,204]  -------------------------- PASSED -------------------------- 
[INFO ] [2021-11-02 17:33:41,204] Add_To_Compare_01 - Step 12: Verify the product Undisplayed
[INFO ] [2021-11-02 17:34:46,276]  -------------------------- PASSED -------------------------- 
[INFO ] [2021-11-02 17:35:21,362]  -------------------------- PASSED -------------------------- 
[INFO ] [2021-11-02 17:35:56,450]  -------------------------- PASSED -------------------------- 
[INFO ] [2021-11-02 17:35:56,454] Post-Condition - Close Browser - firefox
[INFO ] [2021-11-02 17:35:56,454] OS name = windows 10
[INFO ] [2021-11-02 17:35:57,044] Pre-Condition - Step 01: Open browser 'firefox' and navigate 'https://demo.nopcommerce.com/'
[INFO ] [2021-11-02 17:36:02,183]  -------------------------- PASSED -------------------------- 
[INFO ] [2021-11-02 17:36:02,183] Pre-Condition - Step 02: Open 'Login' page on header
[INFO ] [2021-11-02 17:36:03,470] Pre-Condition - Step 03: Set login page cookie
[INFO ] [2021-11-02 17:36:10,009] Pre-Condition - Step 04: Open homepage
[INFO ] [2021-11-02 17:36:10,487] Pre-Condition - Step 05: Verify Home Page is displayed
[INFO ] [2021-11-02 17:36:10,549]  -------------------------- PASSED -------------------------- 
[INFO ] [2021-11-02 17:36:10,551] Add_To_Cart_01 - Step 01: Open sub menu 'Notebooks'
[INFO ] [2021-11-02 17:36:12,267] Add_To_Cart_01 - Step 02: Click to the product title link
[INFO ] [2021-11-02 17:36:14,958] Add_To_Cart_01 - Step 03: Click to back page
[INFO ] [2021-11-02 17:36:15,038] Add_To_Cart_01 - Step 04: Click to the product title link
[INFO ] [2021-11-02 17:36:16,855] Add_To_Cart_01 - Step 05: Click to the product title link
[INFO ] [2021-11-02 17:36:18,668] Add_To_Cart_01 - Step 06: Click to the product title link
[INFO ] [2021-11-02 17:36:21,461] Add_To_Cart_01 - Step 07: Click to the product title link
[INFO ] [2021-11-02 17:36:23,133] Add_To_Cart_01 - Step 08: Open 'Recently viewed products' page on footer menu
[INFO ] [2021-11-02 17:36:25,256] Add_To_Cart_01 - Step 09: Verify only the last three products are displayed
[INFO ] [2021-11-02 17:36:25,316]  -------------------------- PASSED -------------------------- 
[INFO ] [2021-11-02 17:36:25,378]  -------------------------- PASSED -------------------------- 
[INFO ] [2021-11-02 17:36:25,439]  -------------------------- PASSED -------------------------- 
[INFO ] [2021-11-02 17:36:25,440] Post-Condition - Close Browser - firefox
[INFO ] [2021-11-02 17:36:25,440] OS name = windows 10
[INFO ] [2021-11-02 17:36:26,185] Pre-Condition - Step 01: Open browser 'firefox' and navigate 'https://demo.nopcommerce.com/'
[INFO ] [2021-11-02 17:36:31,297]  -------------------------- PASSED -------------------------- 
[INFO ] [2021-11-02 17:36:31,307] Pre-Condition - Step 02: Open 'Login' page on header
[INFO ] [2021-11-02 17:36:32,637] Pre-Condition - Step 03: Set login page cookie
[INFO ] [2021-11-02 17:36:39,176] Pre-Condition - Step 04: Open homepage
[INFO ] [2021-11-02 17:36:40,601] Pre-Condition - Step 05: Verify Home Page is displayed
[INFO ] [2021-11-02 17:36:40,668]  -------------------------- PASSED -------------------------- 
[INFO ] [2021-11-02 17:36:40,669] My_Account_01 - Step 01: Open 'My account' page on header
[INFO ] [2021-11-02 17:36:42,038] My_Account_01 - Step 02: Open 'Customer Info' form
[INFO ] [2021-11-02 17:36:45,068] My_Account_01 - Step 03: Update Gender information 'Female' to radio button
[INFO ] [2021-11-02 17:36:45,380] My_Account_01 - Step 04: Update First name information to textbox
[INFO ] [2021-11-02 17:36:45,481] My_Account_01 - Step 06: Update Last name information to textbox
[INFO ] [2021-11-02 17:36:45,571] My_Account_01 - Step 06: Update Date of birthday information to dropdown
[INFO ] [2021-11-02 17:36:46,532] My_Account_01 - Step 07: Update Email information to textbox
[INFO ] [2021-11-02 17:36:46,641] My_Account_01 - Step 08: Update Company name information to textbox
[INFO ] [2021-11-02 17:36:46,745] My_Account_01 - Step 09: Click to 'Save' button
[INFO ] [2021-11-02 17:36:49,238] My_Account_01 - Step 10: Verify gender infomation is updated successfully
[INFO ] [2021-11-02 17:36:49,280]  -------------------------- PASSED -------------------------- 
[INFO ] [2021-11-02 17:36:49,280] My_Account_01 - Step 11: Verify firstname infomation is updated successfully
[INFO ] [2021-11-02 17:36:49,342]  -------------------------- PASSED -------------------------- 
[INFO ] [2021-11-02 17:36:49,342] My_Account_01 - Step 12: Verify lastname infomation is updated successfully
[INFO ] [2021-11-02 17:36:49,406]  -------------------------- PASSED -------------------------- 
[INFO ] [2021-11-02 17:36:49,406] My_Account_01 - Step 13: Verify date of birth infomation is updated successfully
[INFO ] [2021-11-02 17:36:49,494]  -------------------------- PASSED -------------------------- 
[INFO ] [2021-11-02 17:36:49,568]  -------------------------- PASSED -------------------------- 
[INFO ] [2021-11-02 17:36:49,781]  -------------------------- PASSED -------------------------- 
[INFO ] [2021-11-02 17:36:49,781] My_Account_01 - Step 14: Verify email infomation is updated successfully
[INFO ] [2021-11-02 17:36:49,843]  -------------------------- PASSED -------------------------- 
[INFO ] [2021-11-02 17:36:49,843] My_Account_01 - Step 15: Verify company name infomation is updated successfully
[INFO ] [2021-11-02 17:36:49,906]  -------------------------- PASSED -------------------------- 
[INFO ] [2021-11-02 17:36:49,907] Post-Condition - Close Browser - firefox
[INFO ] [2021-11-02 17:36:49,907] OS name = windows 10
[INFO ] [2021-11-02 17:36:50,656] Pre-Condition - Step 01: Open browser 'firefox' and navigate 'https://demo.nopcommerce.com/'
[INFO ] [2021-11-02 17:36:55,322]  -------------------------- PASSED -------------------------- 
[INFO ] [2021-11-02 17:36:55,331] Pre-Condition - Step 02: Open Register page on header
[INFO ] [2021-11-02 17:36:55,904] Pre-Condition - Step 03: Enter valid info to 'First Name' textbox
[INFO ] [2021-11-02 17:36:56,008] Pre-Condition - Step 04: Enter valid info to 'Last Name' textbox
[INFO ] [2021-11-02 17:36:56,111] Pre-Condition - Step 05: Enter valid info to 'Email' textbox
[INFO ] [2021-11-02 17:36:56,210] Pre-Condition - Step 06: Enter valid info to 'Password' textbox
[INFO ] [2021-11-02 17:36:56,310] Pre-Condition - Step 07: Enter valid info to 'Confirm Password' textbox
[INFO ] [2021-11-02 17:36:56,406] Pre-Condition - Step 08: Click to 'Register' button
[INFO ] [2021-11-02 17:36:58,687] Pre-Condition - Step 09: Verify success messages is displayed in mandantory fields
[INFO ] [2021-11-02 17:36:58,749]  -------------------------- PASSED -------------------------- 
[INFO ] [2021-11-02 17:36:58,750] My_Account_01 - Step 01: Open 'My account' page on header
[INFO ] [2021-11-02 17:37:00,018] My_Account_01 - Step 02: Open 'Addresses' form
[INFO ] [2021-11-02 17:37:03,040] Add_Address_01 - Step 03: Click to 'Add new' button
[INFO ] [2021-11-02 17:37:04,263] Add_Address_01 - Step 04: Update First name information to textbox
[INFO ] [2021-11-02 17:37:04,358] Add_Address_01 - Step 05: Update Last name information to textbox
[INFO ] [2021-11-02 17:37:04,463] Add_Address_01 - Step 06: Update Email information to textbox
[INFO ] [2021-11-02 17:37:04,561] Add_Address_01 - Step 07: Update Company name information to textbox
[INFO ] [2021-11-02 17:37:04,666] Add_Address_01 - Step 08: Update Country name information to dropdown
[INFO ] [2021-11-02 17:37:06,062] Add_Address_01 - Step 09: Update State province information to dropdown
[INFO ] [2021-11-02 17:37:06,172]  -------------------------- PASSED -------------------------- 
[INFO ] [2021-11-02 17:37:06,173] Add_Address_01 - Step 10: Update Company City name information to textbox
[INFO ] [2021-11-02 17:37:06,263] Add_Address_01 - Step 11: Update Address 1 information to textbox
[INFO ] [2021-11-02 17:37:06,365] Add_Address_01 - Step 12: Update Address 2 information to textbox
[INFO ] [2021-11-02 17:37:06,475] Add_Address_01 - Step 13: Update Zip code information to textbox
[INFO ] [2021-11-02 17:37:06,576] Add_Address_01 - Step 14: Update Phone number information to textbox
[INFO ] [2021-11-02 17:37:06,675] Add_Address_01 - Step 15: Click to 'Save' button
[INFO ] [2021-11-02 17:37:08,484] Add_Address_01 - Step 16: Verify full name infomation is updated successfully
[INFO ] [2021-11-02 17:37:08,533]  -------------------------- PASSED -------------------------- 
[INFO ] [2021-11-02 17:37:08,533] Add_Address_01 - Step 17: Verify email infomation is updated successfully
[INFO ] [2021-11-02 17:37:08,581]  -------------------------- PASSED -------------------------- 
[INFO ] [2021-11-02 17:37:08,581] Add_Address_01 - Step 18: Verify phone number infomation is updated successfully
[INFO ] [2021-11-02 17:37:08,625]  -------------------------- PASSED -------------------------- 
[INFO ] [2021-11-02 17:37:08,626] Add_Address_01 - Step 19: Verify company name infomation is updated successfully
[INFO ] [2021-11-02 17:37:08,705]  -------------------------- PASSED -------------------------- 
[INFO ] [2021-11-02 17:37:08,705] Add_Address_01 - Step 20: Verify adress 1 infomation is updated successfully
[INFO ] [2021-11-02 17:37:08,748]  -------------------------- PASSED -------------------------- 
[INFO ] [2021-11-02 17:37:08,748] Add_Address_01 - Step 21: Verify adress 2 infomation is updated successfully
[INFO ] [2021-11-02 17:37:08,795]  -------------------------- PASSED -------------------------- 
[INFO ] [2021-11-02 17:37:08,795] Add_Address_01 - Step 22: Verify country name infomation is updated successfully
[INFO ] [2021-11-02 17:37:08,843]  -------------------------- PASSED -------------------------- 
[INFO ] [2021-11-02 17:37:08,843] Add_Address_01 - Step 23: Verify city state zip infomation is updated successfully
[INFO ] [2021-11-02 17:37:08,888]  -------------------------- PASSED -------------------------- 
[INFO ] [2021-11-02 17:37:08,889] Post-Condition - Close Browser - firefox
[INFO ] [2021-11-02 17:37:08,889] OS name = windows 10
[INFO ] [2021-11-02 17:37:09,594] Pre-Condition - Step 01: Open browser 'firefox' and navigate 'https://demo.nopcommerce.com/'
[INFO ] [2021-11-02 17:37:15,154]  -------------------------- PASSED -------------------------- 
[INFO ] [2021-11-02 17:37:15,164] Pre-Condition - Step 02: Open Register page on header
[INFO ] [2021-11-02 17:37:16,917] Pre-Condition - Step 03: Enter valid info to 'First Name' textbox
[INFO ] [2021-11-02 17:37:17,019] Pre-Condition - Step 04: Enter valid info to 'Last Name' textbox
[INFO ] [2021-11-02 17:37:17,121] Pre-Condition - Step 05: Enter valid info to 'Email' textbox
[INFO ] [2021-11-02 17:37:17,244] Pre-Condition - Step 06: Enter valid info to 'Password' textbox
[INFO ] [2021-11-02 17:37:17,347] Pre-Condition - Step 07: Enter valid info to 'Confirm Password' textbox
[INFO ] [2021-11-02 17:37:17,440] Pre-Condition - Step 08: Click to 'Register' button
[INFO ] [2021-11-02 17:37:19,005] Pre-Condition - Step 09: Verify success messages is displayed in mandantory fields
[INFO ] [2021-11-02 17:37:19,070]  -------------------------- PASSED -------------------------- 
[INFO ] [2021-11-02 17:37:19,071] Change_Password_01 - Step 01: Open 'My account' page on header
[INFO ] [2021-11-02 17:37:19,518] Change_Password_01 - Step 02: Open 'Change password' form
[INFO ] [2021-11-02 17:37:22,558] Change_Password_01 - Step 03: Enter Old Password information to textbox
[INFO ] [2021-11-02 17:37:22,663] Change_Password_01 - Step 04: Update New Password information to textbox
[INFO ] [2021-11-02 17:37:22,766] Change_Password_01 - Step 05: Update Confirm New Password information to textbox
[INFO ] [2021-11-02 17:37:22,866] Change_Password_01 - Step 06: Click to 'Change Password' button
[INFO ] [2021-11-02 17:37:23,363] Change_Password_01 - Step 07: Verify success message is displayed
[INFO ] [2021-11-02 17:37:23,425]  -------------------------- PASSED -------------------------- 
[INFO ] [2021-11-02 17:37:23,425] Change_Password_01 - Step 08: Click to 'x' icon
[INFO ] [2021-11-02 17:37:26,688] Change_Password_01 - Step 09: Click to 'Log out' button
[INFO ] [2021-11-02 17:37:29,419] Change_Password_01- Step 10: Click to 'Log in' button
[INFO ] [2021-11-02 17:37:29,864] Change_Password_01 - Step 11: Enter email address to 'Email' textbox
[INFO ] [2021-11-02 17:37:29,963] Change_Password_01 - Step 12: Enter old password to 'Password' textbox
[INFO ] [2021-11-02 17:37:30,058] Change_Password_01 - Step 13: Click to 'Login' button
[INFO ] [2021-11-02 17:37:30,512] Change_Password_01 - Step 14: Verify error messages is displayed in mandantory fields
[INFO ] [2021-11-02 17:37:30,570]  -------------------------- PASSED -------------------------- 
[INFO ] [2021-11-02 17:37:30,571] Change_Password_01 - Step 15: Enter email address to 'Email' textbox
[INFO ] [2021-11-02 17:37:30,689] Change_Password_01 - Step 16: Enter new password to 'Password' textbox
[INFO ] [2021-11-02 17:37:30,807] Change_Password_01 - Step 17: Click to 'Login' button
[INFO ] [2021-11-02 17:37:31,616] Change_Password_01 - Step 18: Verify login success
[INFO ] [2021-11-02 17:37:31,689]  -------------------------- PASSED -------------------------- 
[INFO ] [2021-11-02 17:37:31,690] Post-Condition - Close Browser - firefox
[INFO ] [2021-11-02 17:37:31,690] OS name = windows 10
[INFO ] [2021-11-02 17:37:32,490] Pre-Condition - Step 01: Open browser 'firefox' and navigate 'https://demo.nopcommerce.com/'
[INFO ] [2021-11-02 17:37:36,710]  -------------------------- PASSED -------------------------- 
[INFO ] [2021-11-02 17:37:36,719] Pre-Condition - Step 02: Open Register page on header
[INFO ] [2021-11-02 17:37:37,291] Pre-Condition - Step 03: Enter valid info to 'First Name' textbox
[INFO ] [2021-11-02 17:37:37,395] Pre-Condition - Step 04: Enter valid info to 'Last Name' textbox
[INFO ] [2021-11-02 17:37:37,514] Pre-Condition - Step 05: Enter valid info to 'Email' textbox
[INFO ] [2021-11-02 17:37:37,631] Pre-Condition - Step 06: Enter valid info to 'Password' textbox
[INFO ] [2021-11-02 17:37:37,741] Pre-Condition - Step 07: Enter valid info to 'Confirm Password' textbox
[INFO ] [2021-11-02 17:37:37,840] Pre-Condition - Step 08: Click to 'Register' button
[INFO ] [2021-11-02 17:37:38,693] Pre-Condition - Step 09: Verify success messages is displayed in mandantory fields
[INFO ] [2021-11-02 17:37:38,757]  -------------------------- PASSED -------------------------- 
[INFO ] [2021-11-02 17:37:38,759] My_Product_Review_01 - Step 01: Open sub menu 'Desktops'
[INFO ] [2021-11-02 17:37:39,516] My_Product_Review_01 - Step 02: Click to the product title link
[INFO ] [2021-11-02 17:37:40,488] My_Product_Review_01 - Step 03: Click to 'Add your review' link
[INFO ] [2021-11-02 17:37:46,729] My_Product_Review_01 - Step 04: Enter the review title in the textbox 
[INFO ] [2021-11-02 17:37:46,838] My_Product_Review_01 - Step 05: Enter the review text in the textarea 
[INFO ] [2021-11-02 17:37:46,948] My_Product_Review_01 - Step 05: Click to 'Submit review' button 
[INFO ] [2021-11-02 17:37:48,354] My_Product_Review_01 - Step 06: Verify success message is displayed
[INFO ] [2021-11-02 17:37:48,398]  -------------------------- PASSED -------------------------- 
[INFO ] [2021-11-02 17:37:48,398] My_Product_Review_01 - Step 07: Open My account page on header
[INFO ] [2021-11-02 17:37:48,863] My_Product_Review_01 - Step 08: Open tab menu 'My product reviews'
[INFO ] [2021-11-02 17:37:48,880] My_Product_Review_01 - Step 09: Verify review is displayed
[INFO ] [2021-11-02 17:37:50,910]  -------------------------- PASSED -------------------------- 
[INFO ] [2021-11-02 17:37:50,970]  -------------------------- PASSED -------------------------- 
[INFO ] [2021-11-02 17:37:50,971] Post-Condition - Close Browser - firefox
[INFO ] [2021-11-02 17:37:50,971] OS name = windows 10
[INFO ] [2021-11-02 17:37:51,698] Pre-Condition - Step 01: Open browser 'firefox' and navigate 'https://demo.nopcommerce.com/'
[INFO ] [2021-11-02 17:37:56,798]  -------------------------- PASSED -------------------------- 
[INFO ] [2021-11-02 17:37:56,806] Pre-Condition - Step 02: Open 'Login' page on header
[INFO ] [2021-11-02 17:37:58,291] Pre-Condition - Step 03: Set login page cookie
[INFO ] [2021-11-02 17:38:04,855] Pre-Condition - Step 04: Open homepage
[INFO ] [2021-11-02 17:38:06,198] Pre-Condition - Step 05: Verify Home Page is displayed
[INFO ] [2021-11-02 17:38:06,265]  -------------------------- PASSED -------------------------- 
[INFO ] [2021-11-02 17:38:06,267] Pre-Condition - Step 01: Open Search page on footer
[INFO ] [2021-11-02 17:38:07,873] Search_01 - Step 02: Enter empty data to 'Search keyword' textbox
[INFO ] [2021-11-02 17:38:07,963] Search_01 - Step 03: Click to 'Search' button
[INFO ] [2021-11-02 17:38:12,180] Search_01 - Step 04: Verify error messages is displayed
[INFO ] [2021-11-02 17:38:12,251]  -------------------------- PASSED -------------------------- 
[INFO ] [2021-11-02 17:38:12,252] Searc_02 - Step 01: Enter not exist data to 'Search keyword' textbox
[INFO ] [2021-11-02 17:38:12,347] Searc_02 - Step 02: Click to 'Search' button
[INFO ] [2021-11-02 17:38:12,834] Searcn_02 - Step 03: Verify error messages is displayed
[INFO ] [2021-11-02 17:38:12,897]  -------------------------- PASSED -------------------------- 
[INFO ] [2021-11-02 17:38:12,899] TC_03 - Step 01: Enter relative data to 'Search keyword' textbox
[INFO ] [2021-11-02 17:38:12,993] TC_03 - Step 02: Click to 'Search' button
[INFO ] [2021-11-02 17:38:14,409] TC_03 - Step 03: Verify 2 product titles are displayed
[INFO ] [2021-11-02 17:38:14,476]  -------------------------- PASSED -------------------------- 
[INFO ] [2021-11-02 17:38:14,547]  -------------------------- PASSED -------------------------- 
[INFO ] [2021-11-02 17:38:14,547] TC_03 - Step 04: Get the product size by 2
[INFO ] [2021-11-02 17:38:14,593]  -------------------------- PASSED -------------------------- 
[INFO ] [2021-11-02 17:38:14,594] TC_04 - Step 01: Enter absolute data to 'Search keyword' textbox
[INFO ] [2021-11-02 17:38:14,694] TC_04 - Step 02: Click to 'Search' button
[INFO ] [2021-11-02 17:38:15,853] TC_04 - Step 03: Verify only one product titles are displayed
[INFO ] [2021-11-02 17:38:15,921]  -------------------------- PASSED -------------------------- 
[INFO ] [2021-11-02 17:38:15,921] TC_04 - Step 04: Get the product size by 1
[INFO ] [2021-11-02 17:38:15,961]  -------------------------- PASSED -------------------------- 
[INFO ] [2021-11-02 17:38:15,962] TC_05 - Step 01: Enter keyword to 'Search keyword' textbox
[INFO ] [2021-11-02 17:38:16,064] TC_05 - Step 02: Check to 'Advanced Search' checkbox
[INFO ] [2021-11-02 17:38:16,351] TC_05 - Step 03: Verify 'Advanced Search' is selected
[INFO ] [2021-11-02 17:38:16,379]  -------------------------- PASSED -------------------------- 
[INFO ] [2021-11-02 17:38:16,379] TC_05 - Step 04:Select item in dropdown
[INFO ] [2021-11-02 17:38:16,709] TC_05 - Step 05: Verify item is selected
[INFO ] [2021-11-02 17:38:16,814]  -------------------------- PASSED -------------------------- 
[INFO ] [2021-11-02 17:38:16,814] TC_05 - Step 06: Click to 'Search' button
[INFO ] [2021-11-02 17:38:18,412] TC_05 - Step 07: Verify error messages is displayed
[INFO ] [2021-11-02 17:38:18,474]  -------------------------- PASSED -------------------------- 
[INFO ] [2021-11-02 17:38:18,475] TC_06 - Step 01: Verify textbox is entered 'Apple MacBook Pro' text
[INFO ] [2021-11-02 17:38:18,531]  -------------------------- PASSED -------------------------- 
[INFO ] [2021-11-02 17:38:18,531] TC_06 - Step 02: Verify 'Advanced Search' is selected
[INFO ] [2021-11-02 17:38:18,547]  -------------------------- PASSED -------------------------- 
[INFO ] [2021-11-02 17:38:18,548] TC_06 - Step 03: Verify item is selected
[INFO ] [2021-11-02 17:38:18,629]  -------------------------- PASSED -------------------------- 
[INFO ] [2021-11-02 17:38:18,629] TC_06 - Step 04: Check to 'Automatically search sub categories' checkbox
[INFO ] [2021-11-02 17:38:18,916] TC_06 - Step 05: Verify 'Automatically search sub categories' is selected
[INFO ] [2021-11-02 17:38:18,942]  -------------------------- PASSED -------------------------- 
[INFO ] [2021-11-02 17:38:18,942] TC_06 - Step 06: Click to 'Search' button
[INFO ] [2021-11-02 17:38:20,556] Login_01 - Step 07: Verify only one product titles are displayed
[INFO ] [2021-11-02 17:38:20,619]  -------------------------- PASSED -------------------------- 
[INFO ] [2021-11-02 17:38:20,619] Login_01 - Step 08: Get the product size by 1
[INFO ] [2021-11-02 17:38:20,659]  -------------------------- PASSED -------------------------- 
[INFO ] [2021-11-02 17:38:20,660] TC_07 - Step 01: Verify textbox is entered 'Apple MacBook Pro' text
[INFO ] [2021-11-02 17:38:20,723]  -------------------------- PASSED -------------------------- 
[INFO ] [2021-11-02 17:38:20,723] TC_07 - Step 02: Verify 'Advanced Search' is selected
[INFO ] [2021-11-02 17:38:20,739]  -------------------------- PASSED -------------------------- 
[INFO ] [2021-11-02 17:38:20,739] TC_07 - Step 03: Verify item is selected
[INFO ] [2021-11-02 17:38:20,823]  -------------------------- PASSED -------------------------- 
[INFO ] [2021-11-02 17:38:20,823] TC_07 - Step 04: Check to 'Automatically search sub categories' checkbox
[INFO ] [2021-11-02 17:38:20,861] TC_07 - Step 05: Verify 'Automatically search sub categories' is selected
[INFO ] [2021-11-02 17:38:20,878]  -------------------------- PASSED -------------------------- 
[INFO ] [2021-11-02 17:38:20,878] TC_07 - Step 06:Select item in dropdown
[INFO ] [2021-11-02 17:38:21,201] TC_07 - Step 07: Verify item is selected
[INFO ] [2021-11-02 17:38:21,293]  -------------------------- PASSED -------------------------- 
[INFO ] [2021-11-02 17:38:21,293] TC_07 - Step 08: Click to 'Search' button
[INFO ] [2021-11-02 17:38:23,155] TC_07 - Step 09: Verify error messages is displayed
[INFO ] [2021-11-02 17:38:23,217]  -------------------------- PASSED -------------------------- 
[INFO ] [2021-11-02 17:38:23,218] TC_08 - Step 01: Verify textbox is entered 'Apple MacBook Pro' text
[INFO ] [2021-11-02 17:38:23,298]  -------------------------- PASSED -------------------------- 
[INFO ] [2021-11-02 17:38:23,298] TC_08 - Step 02: Verify 'Advanced Search' is selected
[INFO ] [2021-11-02 17:38:23,308]  -------------------------- PASSED -------------------------- 
[INFO ] [2021-11-02 17:38:23,308] TC_08 - Step 03: Verify item is selected
[INFO ] [2021-11-02 17:38:23,424]  -------------------------- PASSED -------------------------- 
[INFO ] [2021-11-02 17:38:23,424] TC_08 - Step 04: Check to 'Automatically search sub categories' checkbox
[INFO ] [2021-11-02 17:38:23,488] TC_08 - Step 05: Verify 'Automatically search sub categories' is selected
[INFO ] [2021-11-02 17:38:23,504]  -------------------------- PASSED -------------------------- 
[INFO ] [2021-11-02 17:38:23,504] TC_08 - Step 06:Select item in dropdown
[INFO ] [2021-11-02 17:38:23,832] TC_08 - Step 07: Verify item is selected
[INFO ] [2021-11-02 17:38:23,922]  -------------------------- PASSED -------------------------- 
[INFO ] [2021-11-02 17:38:23,922] TC_08 - Step 08: Click to 'Search' button
[INFO ] [2021-11-02 17:38:25,533] TC_08 - Step 09: Verify only one product titles are displayed
[INFO ] [2021-11-02 17:38:25,597]  -------------------------- PASSED -------------------------- 
[INFO ] [2021-11-02 17:38:25,597] TC_08 - Step 10: Get the product size by 1
[INFO ] [2021-11-02 17:38:25,636]  -------------------------- PASSED -------------------------- 
[INFO ] [2021-11-02 17:38:25,637] Post-Condition - Close Browser - firefox
[INFO ] [2021-11-02 17:38:25,638] OS name = windows 10
[INFO ] [2021-11-02 17:38:26,307] Pre-Condition - Step 01: Open browser 'firefox' and navigate 'https://demo.nopcommerce.com/'
[INFO ] [2021-11-02 17:38:30,591]  -------------------------- PASSED -------------------------- 
[INFO ] [2021-11-02 17:38:30,591] Pre-Condition - Step 02: Open sub menu on top-menu
[INFO ] [2021-11-02 17:38:31,395] Sort_01 - Step 01: Select item in sort dropdown
[INFO ] [2021-11-02 17:38:33,709] Sort_01 - Step 02: Verify product names are sorted in ascending order
[INFO ] [2021-11-02 17:38:33,773]  -------------------------- PASSED -------------------------- 
[INFO ] [2021-11-02 17:38:33,774] Sort_01 - Step 01: Select item in sort dropdown
[INFO ] [2021-11-02 17:38:36,098] Sort_01 - Step 02: Verify product names are sorted in descending order
[INFO ] [2021-11-02 17:38:36,142]  -------------------------- PASSED -------------------------- 
[INFO ] [2021-11-02 17:38:36,143] Sort_01 - Step 01: Select item in sort dropdown
[INFO ] [2021-11-02 17:38:38,463] Sort_01 - Step 02: Verify product prices are sorted in descending order
[INFO ] [2021-11-02 17:38:38,539]  -------------------------- PASSED -------------------------- 
[INFO ] [2021-11-02 17:38:38,541] Sort_01 - Step 01: Select item in sort dropdown
[INFO ] [2021-11-02 17:38:40,856] Sort_01 - Step 02: Verify product prices are sorted in descending order
[INFO ] [2021-11-02 17:38:40,943]  -------------------------- PASSED -------------------------- 
[INFO ] [2021-11-02 17:38:40,944] TC_05 - Step 01:Select item in dropdown
[INFO ] [2021-11-02 17:38:41,243] TC_05 - Step 02: Verify item is selected
[INFO ] [2021-11-02 17:38:41,315]  -------------------------- PASSED -------------------------- 
[INFO ] [2021-11-02 17:38:44,315] TC_05 - Step 03: Verify product size is only 3 or less than 3 products
[INFO ] [2021-11-02 17:38:44,340]  -------------------------- PASSED -------------------------- 
[INFO ] [2021-11-02 17:38:44,340] TC_05 - Step 04: Verify the current page is '1'
[INFO ] [2021-11-02 17:38:44,403]  -------------------------- PASSED -------------------------- 
[INFO ] [2021-11-02 17:38:44,403] TC_05 - Step 05: Verify next icon is displayed
[INFO ] [2021-11-02 17:38:44,464]  -------------------------- PASSED -------------------------- 
[INFO ] [2021-11-02 17:38:44,465] TC_06 - Step 01:Select item in dropdown
[INFO ] [2021-11-02 17:38:44,770] TC_06 - Step 02: Verify item is selected
[INFO ] [2021-11-02 17:38:44,855]  -------------------------- PASSED -------------------------- 
[INFO ] [2021-11-02 17:38:47,859] TC_06 - Step 03: Verify product size is only 6 or less than 6 products
[INFO ] [2021-11-02 17:38:47,883]  -------------------------- PASSED -------------------------- 
[INFO ] [2021-11-02 17:38:47,884] TC_06 - Step 04: Verify Page undispayed
[INFO ] [2021-11-02 17:39:52,956]  -------------------------- PASSED -------------------------- 
[INFO ] [2021-11-02 17:39:52,958] TC_07 - Step 01:Select item in dropdown
[INFO ] [2021-11-02 17:39:53,268] TC_07 - Step 02: Verify item is selected
[INFO ] [2021-11-02 17:39:53,399]  -------------------------- PASSED -------------------------- 
[INFO ] [2021-11-02 17:39:56,407] TC_07 - Step 03: Verify product size is only 9 or less than 9 products
[INFO ] [2021-11-02 17:39:56,432]  -------------------------- PASSED -------------------------- 
[INFO ] [2021-11-02 17:39:56,432] TC_07 - Step 04: Verify Page undispayed
[INFO ] [2021-11-02 17:40:31,507]  -------------------------- PASSED -------------------------- 
[INFO ] [2021-11-02 17:40:31,509] Post-Condition - Close Browser - firefox
[INFO ] [2021-11-02 17:40:31,509] OS name = windows 10
[INFO ] [2021-11-02 17:40:32,157] Pre-Condition - Step 01: Open browser 'firefox' and navigate 'https://demo.nopcommerce.com/'
[INFO ] [2021-11-02 17:40:37,220]  -------------------------- PASSED -------------------------- 
[INFO ] [2021-11-02 17:40:37,229] Pre-Condition - Step 02: Open 'Login' page on header
[INFO ] [2021-11-02 17:40:37,904] Pre-Condition - Step 03: Set login page cookie
[INFO ] [2021-11-02 17:40:44,417] Pre-Condition - Step 04: Open homepage
[INFO ] [2021-11-02 17:40:45,801] Pre-Condition - Step 05: Verify Home Page is displayed
[INFO ] [2021-11-02 17:40:45,890]  -------------------------- PASSED -------------------------- 
[INFO ] [2021-11-02 17:40:45,892] TC_01 - Step 01: Open sub menu 'Desktops'
[INFO ] [2021-11-02 17:40:47,391] TC_01 - Step 02: Click to Product Link
[INFO ] [2021-11-02 17:40:48,454] TC_01 - Step 03: Click to 'Processor' dropdown
[INFO ] [2021-11-02 17:40:48,553] TC_01 - Step 04: Verify item in dropdown is selected
[INFO ] [2021-11-02 17:40:48,639]  -------------------------- PASSED -------------------------- 
[INFO ] [2021-11-02 17:40:48,639] TC_01 - Step 05: Click to 'RAM' dropdown
[INFO ] [2021-11-02 17:40:48,967] TC_01 - Step 06: Verify item in dropdown is selected
[INFO ] [2021-11-02 17:40:49,064]  -------------------------- PASSED -------------------------- 
[INFO ] [2021-11-02 17:40:49,064] TC_01 - Step 07: Click to 'HDD' radio button
[INFO ] [2021-11-02 17:40:49,374] TC_01 - Step 08: Click to 'OS' radio button
[INFO ] [2021-11-02 17:40:49,684] TC_01 - Step 09: Click to 'Microsoft Office [+$50.00]' radio button
[INFO ] [2021-11-02 17:40:49,751] TC_01 - Step 10: Click to 'Acrobat Reader [+$10.00]' radio button
[INFO ] [2021-11-02 17:40:50,061] TC_01 - Step 11: Click to 'Total Commander [+$5.00]' radio button
[INFO ] [2021-11-02 17:40:50,393] TC_01 - Step 12: Click to 'Add to cart' button
[INFO ] [2021-11-02 17:40:51,212] TC_01 - Step 13: Verify message is displayed
[INFO ] [2021-11-02 17:40:51,261]  -------------------------- PASSED -------------------------- 
[INFO ] [2021-11-02 17:40:51,261] TC_01 - Step 14: Click to Close icon
[INFO ] [2021-11-02 17:40:51,550] TC_01 - Step 15: Hover to mini shopping cart on header menu
[INFO ] [2021-11-02 17:40:51,736] TC_01 - Step 16: Verify the infomation of the product displayed in the cart
[INFO ] [2021-11-02 17:40:52,355]  -------------------------- PASSED -------------------------- 
[INFO ] [2021-11-02 17:40:52,414]  -------------------------- PASSED -------------------------- 
[INFO ] [2021-11-02 17:40:52,475]  -------------------------- PASSED -------------------------- 
[INFO ] [2021-11-02 17:40:52,541]  -------------------------- PASSED -------------------------- 
[INFO ] [2021-11-02 17:40:52,632]  -------------------------- PASSED -------------------------- 
[INFO ] [2021-11-02 17:40:52,694]  -------------------------- PASSED -------------------------- 
[INFO ] [2021-11-02 17:40:52,694] TC_01 - Step 17: Get the value of the price unit and parse as float
[INFO ] [2021-11-02 17:40:52,708] TC_01 - Step 17: Get text of element
[INFO ] [2021-11-02 17:40:52,755] TC_01 - Step 16: Verify unit price of the product displayed in the cart
[INFO ] [2021-11-02 17:40:52,818]  -------------------------- PASSED -------------------------- 
[INFO ] [2021-11-02 17:40:52,818] TC_01 - Step 16: Verify quantity of the product displayed in the cart
[INFO ] [2021-11-02 17:40:52,880]  -------------------------- PASSED -------------------------- 
[INFO ] [2021-11-02 17:40:52,880] TC_01 - Step 16: Verify total price of the product displayed in the cart
[INFO ] [2021-11-02 17:40:52,894]  -------------------------- PASSED -------------------------- 
[INFO ] [2021-11-02 17:40:52,895] TC_02 - Step 16: Click to 'Go to cart' button
[INFO ] [2021-11-02 17:40:54,658] TC_02 - Step 16: Click to 'Edit' button in table
[INFO ] [2021-11-02 17:41:01,483] TC_01 - Step 03: Click to 'Processor' dropdown
[INFO ] [2021-11-02 17:41:01,810] TC_01 - Step 04: Verify item in dropdown is selected
[INFO ] [2021-11-02 17:41:01,897]  -------------------------- PASSED -------------------------- 
[INFO ] [2021-11-02 17:41:01,897] TC_01 - Step 03: Click to 'RAM' dropdown
[INFO ] [2021-11-02 17:41:02,215] TC_01 - Step 04: Verify item in dropdown is selected
[INFO ] [2021-11-02 17:41:02,303]  -------------------------- PASSED -------------------------- 
[INFO ] [2021-11-02 17:41:02,303] TC_01 - Step 07: Click to 'HDD' radio button
[INFO ] [2021-11-02 17:41:02,588] TC_01 - Step 07: Click to 'OS' radio button
[INFO ] [2021-11-02 17:41:05,935] TC_01 - Step 07: Uncheck to 'Acrobat Reader [+$10.00]' checkbox
[INFO ] [2021-11-02 17:41:09,265] TC_01 - Step 07: Uncheck to 'Total Commander [+$5.00]' checkbox
[INFO ] [2021-11-02 17:41:12,577] TC_01 - Step 07: Enter to quantity textbox
[INFO ] [2021-11-02 17:41:12,692] TC_01 - Step 07: Verify the price is '$1,320.00'
[INFO ] [2021-11-02 17:41:12,737]  -------------------------- PASSED -------------------------- 
[INFO ] [2021-11-02 17:41:12,737] TC_01 - Step 07:Click to 'Update' button
[INFO ] [2021-11-02 17:41:13,011] Wishlist_01 - Step 04: Verify message is displayed
[INFO ] [2021-11-02 17:41:13,154]  -------------------------- PASSED -------------------------- 
[INFO ] [2021-11-02 17:41:13,154] Wishlist_01 - Step 05: Click to Close icon
[INFO ] [2021-11-02 17:41:13,448] Wishlist_01 - Step 05: Hover to mini shopping cart
[INFO ] [2021-11-02 17:41:13,630] Wishlist_01 - Step 04: Verify the infomation of the product displayed in the cart
[INFO ] [2021-11-02 17:41:14,817]  -------------------------- PASSED -------------------------- 
[INFO ] [2021-11-02 17:41:14,879]  -------------------------- PASSED -------------------------- 
[INFO ] [2021-11-02 17:41:14,942]  -------------------------- PASSED -------------------------- 
[INFO ] [2021-11-02 17:41:15,004]  -------------------------- PASSED -------------------------- 
[INFO ] [2021-11-02 17:41:15,066]  -------------------------- PASSED -------------------------- 
[INFO ] [2021-11-02 17:41:15,132]  -------------------------- PASSED -------------------------- 
[INFO ] [2021-11-02 17:41:15,133] TC_01 - Step 17: Get the value of the price unit and parse as float
[INFO ] [2021-11-02 17:41:15,146] TC_01 - Step 17: Get text of element
[INFO ] [2021-11-02 17:41:15,190] TC_01 - Step 16: Verify unit price of the product displayed in the cart
[INFO ] [2021-11-02 17:41:15,259]  -------------------------- PASSED -------------------------- 
[INFO ] [2021-11-02 17:41:15,259] TC_01 - Step 16: Verify quantity of the product displayed in the cart
[INFO ] [2021-11-02 17:41:15,317]  -------------------------- PASSED -------------------------- 
[INFO ] [2021-11-02 17:41:15,317] TC_01 - Step 16: Verify total price of the product displayed in the cart
[INFO ] [2021-11-02 17:41:15,330]  -------------------------- PASSED -------------------------- 
[INFO ] [2021-11-02 17:41:15,332] TC_02 - Step 16: Click to 'Go to cart' button
[INFO ] [2021-11-02 17:41:16,839] TC_01 - Step 16: Click to 'Remove' button in table
[INFO ] [2021-11-02 17:41:18,153] TC_01 - Step 16: Verify message is displayed 
[INFO ] [2021-11-02 17:41:18,227]  -------------------------- PASSED -------------------------- 
[INFO ] [2021-11-02 17:41:18,227] TC_01 - Step 16: Verify the product in table undisplayed 
[INFO ] [2021-11-02 17:42:23,296]  -------------------------- PASSED -------------------------- 
[INFO ] [2021-11-02 17:42:23,296] Post-Condition - Close Browser - firefox
[INFO ] [2021-11-02 17:42:23,297] OS name = windows 10
[INFO ] [2021-11-02 17:42:24,064] Pre-Condition - Step 01: Open browser 'firefox' and navigate 'https://demo.nopcommerce.com/'
[INFO ] [2021-11-02 17:42:28,835]  -------------------------- PASSED -------------------------- 
[INFO ] [2021-11-02 17:42:28,844] Pre-Condition - Step 02: Open 'Login' page on header
[INFO ] [2021-11-02 17:42:30,189] Pre-Condition - Step 03: Set login page cookie
[INFO ] [2021-11-02 17:42:36,673] Pre-Condition - Step 04: Open homepage
[INFO ] [2021-11-02 17:42:38,061] Pre-Condition - Step 05: Verify Home Page is displayed
[INFO ] [2021-11-02 17:42:38,133]  -------------------------- PASSED -------------------------- 
[INFO ] [2021-11-02 17:42:38,134] TC_02 - Step 01: Open sub menu 'Desktops '
[INFO ] [2021-11-02 17:42:39,617] TC_02 - Step 02: Click to the product link
[INFO ] [2021-11-02 17:42:41,870] TC_02 - Step 03: Click to 'Add to cart'
[INFO ] [2021-11-02 17:42:42,691] TC_02 - Step 04: Open 'Shopping cart' page
[INFO ] [2021-11-02 17:42:44,351] TC_02 - Step 05: Verify the product is displayed in the table
[INFO ] [2021-11-02 17:42:44,426]  -------------------------- PASSED -------------------------- 
[INFO ] [2021-11-02 17:42:44,426] TC_02 - Step 06: Enter to input quantity textbox
[INFO ] [2021-11-02 17:42:47,584] TC_02 - Step 07: Click to 'Update shopping cart' button
[INFO ] [2021-11-02 17:42:51,717] TC_02 - Step 08: Verify the total price is updated
[INFO ] [2021-11-02 17:42:51,824]  -------------------------- PASSED -------------------------- 
[INFO ] [2021-11-02 17:42:51,825] Post-Condition - Close Browser - firefox
[INFO ] [2021-11-02 17:42:51,825] OS name = windows 10
[INFO ] [2021-11-02 17:42:52,558] Pre-Condition - Step 01: Open browser 'firefox' and navigate 'https://demo.nopcommerce.com/'
[INFO ] [2021-11-02 17:42:57,909]  -------------------------- PASSED -------------------------- 
[INFO ] [2021-11-02 17:42:57,918] Pre-Condition - Step 02: Open Register page on header
[INFO ] [2021-11-02 17:42:59,455] Pre-Condition - Step 03: Enter valid info to 'First Name' textbox
[INFO ] [2021-11-02 17:42:59,562] Pre-Condition - Step 04: Enter valid info to 'Last Name' textbox
[INFO ] [2021-11-02 17:42:59,652] Pre-Condition - Step 05: Enter valid info to 'Email' textbox
[INFO ] [2021-11-02 17:42:59,749] Pre-Condition - Step 06: Enter valid info to 'Password' textbox
[INFO ] [2021-11-02 17:42:59,841] Pre-Condition - Step 07: Enter valid info to 'Confirm Password' textbox
[INFO ] [2021-11-02 17:42:59,929] Pre-Condition - Step 08: Click to 'Register' button
[INFO ] [2021-11-02 17:43:01,759] Pre-Condition - Step 09: Verify success messages is displayed in mandantory fields
[INFO ] [2021-11-02 17:43:01,821]  -------------------------- PASSED -------------------------- 
[INFO ] [2021-11-02 17:43:01,824] TC_01 - Step 01: Open sub menu 'Notebooks'
[INFO ] [2021-11-02 17:43:03,589] TC_01 - Step 02: Click to the product title link
[INFO ] [2021-11-02 17:43:04,605] TC_01 - Step 03:Click to 'Add to cart' button
[INFO ] [2021-11-02 17:43:05,987] TC_01 - Step 04: Open 'Shopping cart' menu
[INFO ] [2021-11-02 17:43:06,784] TC_01 - Step 05:Click to 'Estimate shipping' button
[INFO ] [2021-11-02 17:43:08,163] TC_01 - Step 06:Select to 'Country name' in dropdown
[INFO ] [2021-11-02 17:43:10,478] TC_01 - Step 06: Select item 'State Province' in dropdown
[INFO ] [2021-11-02 17:43:10,560] TC_01 - Step 06: Verify item in dropdown is displayed
[INFO ] [2021-11-02 17:43:11,038]  -------------------------- PASSED -------------------------- 
[INFO ] [2021-11-02 17:43:11,038] TC_01 - Step 07: Verify item in dropdown is displayed
[INFO ] [2021-11-02 17:43:11,111]  -------------------------- PASSED -------------------------- 
[INFO ] [2021-11-02 17:43:11,111] TC_01 - Step 08:Enter to 'Zip Code' textbox
[INFO ] [2021-11-02 17:43:11,217] TC_01 - Step 09:Click to 'Next Day Air' radio button
[INFO ] [2021-11-02 17:43:12,108] TC_01 - Step 10:Click to 'Apply' radio button
[INFO ] [2021-11-02 17:43:12,393] TC_01 - Step 11:Verify the product is displayed in the table
[INFO ] [2021-11-02 17:43:12,453]  -------------------------- PASSED -------------------------- 
[INFO ] [2021-11-02 17:43:12,453] TC_01 - Step 12:Click to checkbox
[INFO ] [2021-11-02 17:43:12,508] TC_01 - Step 13:Click to 'Check out' button
[INFO ] [2021-11-02 17:43:15,012] TC_01 - Step 14:Uncheck to 'Ship to the same address' checkbox
[INFO ] [2021-11-02 17:43:15,302] TC_01 - Step 15:Select to 'Country name' in dropdown
[INFO ] [2021-11-02 17:43:16,140] TC_01 - Step 16: Verify item in dropdown is displayed
[INFO ] [2021-11-02 17:43:16,231]  -------------------------- PASSED -------------------------- 
[INFO ] [2021-11-02 17:43:16,231] TC_01 - Step 17:Enter to 'City' textbox
[INFO ] [2021-11-02 17:43:16,343] TC_01 - Step 17:Enter to 'Address1' textbox
[INFO ] [2021-11-02 17:43:16,441] TC_01 - Step 19:Enter to 'Zip code' textbox
[INFO ] [2021-11-02 17:43:16,530] TC_01 - Step 20:Enter to 'Phone number' textbox
[INFO ] [2021-11-02 17:43:16,623] TC_01 - Step 03:Click to 'Continue' button' in 'Billing address' title
[INFO ] [2021-11-02 17:43:16,888] TC_01 - Step 21:Click to 'Continue' button' in 'Shipping addresss' title
[INFO ] [2021-11-02 17:43:19,329] TC_01 - Step 22:Click to 'Next Day Air ($0.00' radio
[INFO ] [2021-11-02 17:43:19,637] TC_01 - Step 23:Click to 'Continue' button' in 'Shipping method' title
[INFO ] [2021-11-02 17:43:20,446] TC_01 - Step 24:Click to 'Credit Card' radio
[INFO ] [2021-11-02 17:43:20,494] TC_01 - Step 25:Click to 'Continue' button' in 'Payment method' title
[INFO ] [2021-11-02 17:43:20,761] TC_01 - Step 26:Get text payment information
[INFO ] [2021-11-02 17:43:20,902]  -------------------------- PASSED -------------------------- 
[INFO ] [2021-11-02 17:43:20,954]  -------------------------- PASSED -------------------------- 
[INFO ] [2021-11-02 17:43:20,992]  -------------------------- PASSED -------------------------- 
[INFO ] [2021-11-02 17:43:21,039]  -------------------------- PASSED -------------------------- 
[INFO ] [2021-11-02 17:43:21,039] TC_01 - Step 27:Click to 'Continue' button' in 'Payment information' title
[INFO ] [2021-11-02 17:43:21,306] TC_01 - Step 28:Verify the infomation in 'Billing Address' are displayed
[INFO ] [2021-11-02 17:43:22,409]  -------------------------- PASSED -------------------------- 
[INFO ] [2021-11-02 17:43:22,455]  -------------------------- PASSED -------------------------- 
[INFO ] [2021-11-02 17:43:22,501]  -------------------------- PASSED -------------------------- 
[INFO ] [2021-11-02 17:43:22,549]  -------------------------- PASSED -------------------------- 
[INFO ] [2021-11-02 17:43:22,596]  -------------------------- PASSED -------------------------- 
[INFO ] [2021-11-02 17:43:22,642]  -------------------------- PASSED -------------------------- 
[INFO ] [2021-11-02 17:43:22,688]  -------------------------- PASSED -------------------------- 
[INFO ] [2021-11-02 17:43:22,688] TC_01 - Step 29:Verify the infomation in 'Payment Method' are displayed
[INFO ] [2021-11-02 17:43:22,740]  -------------------------- PASSED -------------------------- 
[INFO ] [2021-11-02 17:43:22,740] TC_01 - Step30:Verify the infomation in 'Shipping Address' are displayed
[INFO ] [2021-11-02 17:43:22,780]  -------------------------- PASSED -------------------------- 
[INFO ] [2021-11-02 17:43:22,826]  -------------------------- PASSED -------------------------- 
[INFO ] [2021-11-02 17:43:22,874]  -------------------------- PASSED -------------------------- 
[INFO ] [2021-11-02 17:43:22,921]  -------------------------- PASSED -------------------------- 
[INFO ] [2021-11-02 17:43:22,968]  -------------------------- PASSED -------------------------- 
[INFO ] [2021-11-02 17:43:23,014]  -------------------------- PASSED -------------------------- 
[INFO ] [2021-11-02 17:43:23,060]  -------------------------- PASSED -------------------------- 
[INFO ] [2021-11-02 17:43:23,061] TC_01 - Step 31:Verify the infomation in 'Shipping Method' are displayed
[INFO ] [2021-11-02 17:43:23,110]  -------------------------- PASSED -------------------------- 
[INFO ] [2021-11-02 17:43:23,110] TC_01 - Step 32:Verify the product in the table is displayed
[INFO ] [2021-11-02 17:43:23,174]  -------------------------- PASSED -------------------------- 
[INFO ] [2021-11-02 17:44:23,255]  -------------------------- PASSED -------------------------- 
[INFO ] [2021-11-02 17:44:23,315]  -------------------------- PASSED -------------------------- 
[INFO ] [2021-11-02 17:44:23,374]  -------------------------- PASSED -------------------------- 
[INFO ] [2021-11-02 17:44:23,438]  -------------------------- PASSED -------------------------- 
[INFO ] [2021-11-02 17:44:23,497]  -------------------------- PASSED -------------------------- 
[INFO ] [2021-11-02 17:44:23,497] TC_01 - Step 33:Click to 'Confirm' button
[INFO ] [2021-11-02 17:44:24,338] TC_01 - Step 34:Verify success message is displayed
[INFO ] [2021-11-02 17:44:25,441]  -------------------------- PASSED -------------------------- 
[INFO ] [2021-11-02 17:44:25,441] TC_01 - Step 35:Verify order number value
[INFO ] [2021-11-02 17:44:25,495]  -------------------------- PASSED -------------------------- 
[INFO ] [2021-11-02 17:44:25,495] TC_01 - Step 36: Open 'Orders' form
[INFO ] [2021-11-02 17:44:29,690] TC_01 - Step 37:Verify order number value with order list value
[INFO ] [2021-11-02 17:44:29,759]  -------------------------- PASSED -------------------------- 
[INFO ] [2021-11-02 17:44:29,759] TC_01 - Step 38:Click to 'Details' button
[INFO ] [2021-11-02 17:44:30,281] TC_01 - Step 39:Verify text order number is displayed
[INFO ] [2021-11-02 17:44:30,328]  -------------------------- PASSED -------------------------- 
[INFO ] [2021-11-02 17:44:33,343] TC_01 - Step 40:Verify the infomation in 'Order Date', 'Order Status', 'Order Total' are displayed
[INFO ] [2021-11-02 17:44:33,420]  -------------------------- PASSED -------------------------- 
[INFO ] [2021-11-02 17:44:33,472]  -------------------------- PASSED -------------------------- 
[INFO ] [2021-11-02 17:44:33,520]  -------------------------- PASSED -------------------------- 
[INFO ] [2021-11-02 17:44:33,520] TC_01 - Step 41:Verify the infomation in 'Billing Address' are displayed
[INFO ] [2021-11-02 17:44:33,569]  -------------------------- PASSED -------------------------- 
[INFO ] [2021-11-02 17:44:33,613]  -------------------------- PASSED -------------------------- 
[INFO ] [2021-11-02 17:44:33,660]  -------------------------- PASSED -------------------------- 
[INFO ] [2021-11-02 17:44:33,707]  -------------------------- PASSED -------------------------- 
[INFO ] [2021-11-02 17:44:33,756]  -------------------------- PASSED -------------------------- 
[INFO ] [2021-11-02 17:44:33,802]  -------------------------- PASSED -------------------------- 
[INFO ] [2021-11-02 17:44:33,845]  -------------------------- PASSED -------------------------- 
[INFO ] [2021-11-02 17:44:33,845] TC_01 - Step 42:Verify the infomation in 'Payment Method' are displayed
[INFO ] [2021-11-02 17:44:33,893]  -------------------------- PASSED -------------------------- 
[INFO ] [2021-11-02 17:44:33,893] TC_01 - Step 43:Verify the infomation in 'Shipping Address' are displayed
[INFO ] [2021-11-02 17:44:33,938]  -------------------------- PASSED -------------------------- 
[INFO ] [2021-11-02 17:44:33,987]  -------------------------- PASSED -------------------------- 
[INFO ] [2021-11-02 17:44:34,033]  -------------------------- PASSED -------------------------- 
[INFO ] [2021-11-02 17:44:34,080]  -------------------------- PASSED -------------------------- 
[INFO ] [2021-11-02 17:44:34,125]  -------------------------- PASSED -------------------------- 
[INFO ] [2021-11-02 17:44:34,171]  -------------------------- PASSED -------------------------- 
[INFO ] [2021-11-02 17:44:34,221]  -------------------------- PASSED -------------------------- 
[INFO ] [2021-11-02 17:44:34,221] TC_01 - Step 44:Verify the infomation in 'Shipping Method' are displayed
[INFO ] [2021-11-02 17:44:34,287]  -------------------------- PASSED -------------------------- 
[INFO ] [2021-11-02 17:44:34,287] TC_01 - Step 45:Verify the product in the table is displayed
[INFO ] [2021-11-02 17:44:34,373]  -------------------------- PASSED -------------------------- 
[INFO ] [2021-11-02 17:44:34,374] Post-Condition - Close Browser - firefox
[INFO ] [2021-11-02 17:44:34,374] OS name = windows 10
[INFO ] [2021-11-02 17:44:35,059] Pre-Condition - Step 01: Open browser 'firefox' and navigate 'https://demo.nopcommerce.com/'
[INFO ] [2021-11-02 17:44:39,521]  -------------------------- PASSED -------------------------- 
[INFO ] [2021-11-02 17:44:39,531] Pre-Condition - Step 02: Open Register page on header
[INFO ] [2021-11-02 17:44:40,105] Pre-Condition - Step 03: Enter valid info to 'First Name' textbox
[INFO ] [2021-11-02 17:44:40,225] Pre-Condition - Step 04: Enter valid info to 'Last Name' textbox
[INFO ] [2021-11-02 17:44:40,313] Pre-Condition - Step 05: Enter valid info to 'Email' textbox
[INFO ] [2021-11-02 17:44:40,412] Pre-Condition - Step 06: Enter valid info to 'Password' textbox
[INFO ] [2021-11-02 17:44:40,515] Pre-Condition - Step 07: Enter valid info to 'Confirm Password' textbox
[INFO ] [2021-11-02 17:44:40,613] Pre-Condition - Step 08: Click to 'Register' button
[INFO ] [2021-11-02 17:44:41,447] Pre-Condition - Step 09: Verify success messages is displayed in mandantory fields
[INFO ] [2021-11-02 17:44:41,504]  -------------------------- PASSED -------------------------- 
[INFO ] [2021-11-02 17:44:41,505] TC_01 - Step 01: Open sub menu 'Notebooks'
[INFO ] [2021-11-02 17:44:42,322] TC_01 - Step 02: Click to the product title link
[INFO ] [2021-11-02 17:44:43,486] TC_01 - Step 03:Click to 'Add to cart' button
[INFO ] [2021-11-02 17:44:44,263] TC_01 - Step 04: Open 'Shopping cart' menu
[INFO ] [2021-11-02 17:44:44,892] TC_01 - Step 05:Click to 'Estimate shipping' button
[INFO ] [2021-11-02 17:44:47,661] TC_01 - Step 06:Select to 'Country name' in dropdown
[INFO ] [2021-11-02 17:45:18,088] Post-Condition - Close Browser - firefox
[INFO ] [2021-11-02 17:45:18,088] OS name = windows 10
[INFO ] [2021-11-02 17:45:18,894] Pre-Condition - Step 01: Open browser 'firefox' and navigate 'https://demo.nopcommerce.com/'
[INFO ] [2021-11-02 17:45:24,527]  -------------------------- PASSED -------------------------- 
[INFO ] [2021-11-02 17:45:24,541] Pre-Condition - Step 02: Open Register page on header
[INFO ] [2021-11-02 17:45:25,120] Pre-Condition - Step 03: Enter valid info to 'First Name' textbox
[INFO ] [2021-11-02 17:45:25,212] Pre-Condition - Step 04: Enter valid info to 'Last Name' textbox
[INFO ] [2021-11-02 17:45:25,323] Pre-Condition - Step 05: Enter valid info to 'Email' textbox
[INFO ] [2021-11-02 17:45:25,421] Pre-Condition - Step 06: Enter valid info to 'Password' textbox
[INFO ] [2021-11-02 17:45:25,542] Pre-Condition - Step 07: Enter valid info to 'Confirm Password' textbox
[INFO ] [2021-11-02 17:45:25,667] Pre-Condition - Step 08: Click to 'Register' button
[INFO ] [2021-11-02 17:45:28,222] Pre-Condition - Step 09: Verify success messages is displayed in mandantory fields
[INFO ] [2021-11-02 17:45:28,279]  -------------------------- PASSED -------------------------- 
[INFO ] [2021-11-02 17:45:28,280] TC_01 - Step 01: Open sub menu 'Notebooks'
[INFO ] [2021-11-02 17:45:29,051] TC_01 - Step 02: Click to the product title link
[INFO ] [2021-11-02 17:45:30,172] TC_01 - Step 03:Click to 'Add to cart' button
[INFO ] [2021-11-02 17:45:30,965] TC_01 - Step 04: Open 'Shopping cart' menu
[INFO ] [2021-11-02 17:45:32,468] TC_01 - Step 05:Click to 'Estimate shipping' button
[INFO ] [2021-11-02 17:45:34,846] TC_01 - Step 06:Select to 'Country name' in dropdown
[INFO ] [2021-11-02 17:46:05,219] Post-Condition - Close Browser - firefox
[INFO ] [2021-11-02 17:46:05,219] OS name = windows 10
